date/time          : 2018-12-18, 19:37:41, 856ms
computer name      : HOME-PC
user name          : denis <admin>
registered owner   : Microsoft / Microsoft
operating system   : Windows 7 x64 Service Pack 1 build 7601
system language    : Ukrainian
system up time     : 7 hours 19 minutes
program up time    : 4 hours 48 minutes
processors         : 2x Intel(R) Core(TM)2 Duo CPU E8500 @ 3.16GHz
physical memory    : 945/4094 MB (free/total)
free disk space    : (C:) 4,19 GB (E:) 293,87 GB
display mode       : 1920x1200, 32 bit
process id         : $1508
allocated memory   : 1,82 GB
largest free block : 1,46 GB
command line       : E:\Games\NLC7_2804_edit\bin\xr_3da.EXE -noprefetch -no_intro -verbosity 5 -verb_filters PERF -debug_dialogs -noshadows
executable         : xr_3da.EXE
current module     : luaicp.dll
module date/time   : 2017-12-21 00:53
version            : 7.1.6564.3224
compiled with      : Delphi XE8
madExcept version  : 4.0.18
callstack crc      : $54eb6bf1, $128bc436, $67529186
exception number   : 1
exception class    : EAccessViolation
exception message  : Access violation at address 770A46F3 in module 'ntdll.dll'. Read of address 04474BA8.

main ($10f8):
770a46f3 +073 ntdll.dll                               RtlSizeHeap
66e1ca26 +018 MSVCR120.dll                            _msize
026f665d +3cd xrCore.dll                              memory_usage.obj
026f6487 +1f7 xrCore.dll                              memory_usage.obj
0043e6b9 +3e9 xr_3da.EXE                              SH_Texture.obj
0043e815 +545 xr_3da.EXE                              SH_Texture.obj
18e816c4 +044 xrGame.dll                              console_commands.obj
18e814e0 +000 xrGame.dll                              console_commands.obj
0056e355 +185 xr_3da.EXE                              XR_IOConsole.obj
0056e58a +00a xr_3da.EXE                              XR_IOConsole.obj
0047c0ee +37d xr_3da.EXE                              x_ray.obj
18cbc16e +12e xrGame.dll                              GamePersistent.obj
00b71400 +070 luaicp.dll   XrayMM            634  +13 TDebugMemoryManager.FreeMem
00b709b8 +0bc luaicp.dll   XrayMM            476  +23 UniFreeMem
00b71400 +070 luaicp.dll   XrayMM            634  +13 TDebugMemoryManager.FreeMem
75b53e9e +045 oleaut32.dll                            SysFreeString
008bb546 +00e luaicp.dll   System          24543   +9 @WStrClr
00b71400 +070 luaicp.dll   XrayMM            634  +13 TDebugMemoryManager.FreeMem
00b709b8 +0bc luaicp.dll   XrayMM            476  +23 UniFreeMem
18cf61bb +01b xrGame.dll                              level_script.obj
18c98971 +01a xrGame.dll                              script_engine_script.obj
18c9ad04 +00a xrGame.dll                              script_engine_script.obj
6739ca88 +098 luabind.dll                             ?function_dispatcher@free_functions@detail@luabind@@YAHPAUlua_State@@@Z
674e730b +04b lua5.1.dll                              ljit_core.obj
674db72d +06d lua5.1.dll                              ldo.obj
674db71f +05f lua5.1.dll                              ldo.obj
674dbb0b +08b lua5.1.dll                              ldo.obj
674d21c2 +052 lua5.1.dll                              lapi.obj
674db299 +039 lua5.1.dll                              ldo.obj
674dbd90 +030 lua5.1.dll                              ldo.obj
674d221d +04d lua5.1.dll                              lapi.obj
00bb0748 +ba0 luaicp.dll   luaicp           6278 +272 LuaSafeCallImpl
00bb241e +016 luaicp.dll   luaicp           6453   +2 LuaSafeCall
674db71f +05f lua5.1.dll                              ldo.obj
674dbb0b +08b lua5.1.dll                              ldo.obj
674db299 +039 lua5.1.dll                              ldo.obj
674dbd90 +030 lua5.1.dll                              ldo.obj
674d221d +04d lua5.1.dll                              lapi.obj
6739f7b8 +118 luabind.dll                             ?pcall@detail@luabind@@YAHPAUlua_State@@HH@Z
18b518d4 +028 xrGame.dll                              script_binder_object_wrapper.obj
18b52439 +199 xrGame.dll                              script_binder_object_wrapper.obj
18982999 +039 xrGame.dll                              script_binder.obj
18d57326 +236 xrGame.dll                              GameObject.obj
66e13f20 +02d MSVCR120.dll                            _vsprintf_s_l
66e13f58 +012 MSVCR120.dll                            sprintf_s
00b71400 +070 luaicp.dll   XrayMM            634  +13 TDebugMemoryManager.FreeMem
00b709b8 +0bc luaicp.dll   XrayMM            476  +23 UniFreeMem
008b6d40 +004 luaicp.dll   System           4613  +20 @FreeMem
008bb571 +021 luaicp.dll   System          24592  +16 @UStrArrayClr
00b707f2 +12a luaicp.dll   XrayMM            442  +51 UniGetMem
008b6d24 +004 luaicp.dll   System           4565  +20 @GetMem
008bb452 +00e luaicp.dll   System          24227  +10 @NewUnicodeString
00b71400 +070 luaicp.dll   XrayMM            634  +13 TDebugMemoryManager.FreeMem
00b709b8 +0bc luaicp.dll   XrayMM            476  +23 UniFreeMem
008b6d40 +004 luaicp.dll   System           4613  +20 @FreeMem
008bb571 +021 luaicp.dll   System          24592  +16 @UStrArrayClr
00b71400 +070 luaicp.dll   XrayMM            634  +13 TDebugMemoryManager.FreeMem
00b709b8 +0bc luaicp.dll   XrayMM            476  +23 UniFreeMem
008b6d40 +004 luaicp.dll   System           4613  +20 @FreeMem
008bb50c +01c luaicp.dll   System          24443  +14 @UStrClr
00907ac5 +9c1 luaicp.dll   System.SysUtils 12758 +309 WideFormatBuf
66e13f20 +02d MSVCR120.dll                            _vsprintf_s_l
66e13f58 +012 MSVCR120.dll                            sprintf_s
66e13f20 +02d MSVCR120.dll                            _vsprintf_s_l
66e13f58 +012 MSVCR120.dll                            sprintf_s
19054609 +029 xrGame.dll                              PHMovementControl.obj
1905396e +75e xrGame.dll                              PHMovementControl.obj
19053994 +784 xrGame.dll                              PHMovementControl.obj
18d1ff9d +20d xrGame.dll                              Actor.obj
674db299 +039 lua5.1.dll                              ldo.obj
674dbd90 +030 lua5.1.dll                              ldo.obj
674d221d +04d lua5.1.dll                              lapi.obj
18cc7c49 +4a9 xrGame.dll                              Level.obj
188ecefe +25e xrGame.dll                              space_restriction_composition.obj
188e9324 +074 xrGame.dll                              space_restriction_base.obj
188e96e4 +2e4 xrGame.dll                              space_restriction_base.obj
18ae2ac5 +045 xrGame.dll                              dog_state_manager.obj
1898e672 +032 xrGame.dll                              base_monster.obj
188ba3b7 +147 xrGame.dll                              restricted_object.obj
0043e217 +017 xr_3da.EXE                              SH_Texture.obj
00563d0a +0aa xr_3da.EXE                              R_Backend_Runtime.obj
0042840e +08e xr_3da.EXE                              D3DUtils.obj
00520c7b +02b xr_3da.EXE                              GameFont.obj
188ecefe +25e xrGame.dll                              space_restriction_composition.obj
66e0ed27 +017 MSVCR120.dll                            __crtFlsGetValue
674f9874 +024 lua5.1.dll                              lvm.obj
674d1baa +01a lua5.1.dll                              lapi.obj
6739b73d +0bd luabind.dll                             ?lua_class_gettable@class_rep@detail@luabind@@SAHPAUlua_State@@@Z
674f9874 +024 lua5.1.dll                              lvm.obj
674f57db +00b lua5.1.dll                              ltable.obj
674db71f +05f lua5.1.dll                              ldo.obj
674dbb0b +08b lua5.1.dll                              ldo.obj
674db299 +039 lua5.1.dll                              ldo.obj
674dbd90 +030 lua5.1.dll                              ldo.obj
674d221d +04d lua5.1.dll                              lapi.obj
18aec1d7 +037 xrGame.dll                              ai_stalker.obj
18d28fe0 +040 xrGame.dll                              Actor_Feel.obj
0048dd7a +1ea xr_3da.EXE                              xrSheduler.obj
18cbc8cd +33d xrGame.dll                              GamePersistent.obj
1885fe4d +0cd xrGame.dll                              sound_memory_manager.obj
1885fedc +02c xrGame.dll                              sound_memory_manager.obj
1885f6a8 +1d8 xrGame.dll                              sound_memory_manager.obj
00566b63 +013 xr_3da.EXE                              pure.obj
005668f2 +0d2 xr_3da.EXE                              pure.obj
00526249 +0d9 xr_3da.EXE                              device.obj
00525805 +445 xr_3da.EXE                              device.obj
00523ec4 +a74 xr_3da.EXE                              device.obj
0047a2fa +14a xr_3da.EXE                              x_ray.obj
0047ac97 +45b xr_3da.EXE                              x_ray.obj
0047ae89 +04c xr_3da.EXE                              x_ray.obj
00576801 +12a xr_3da.EXE                              MSVCRT:crtexew.obj
762b3368 +010 kernel32.dll                            BaseThreadInitThunk

THREAD_WATCHDOG { TThreadWatchdog@=$0EBB2660:: luaicp.dll /ID=5564 } ($15bc):
00b0d94e +16e luaicp.dll   WThreads         999 +28 TWorkerThread.HandleMessages
00b10495 +089 luaicp.dll   WThreads        1663 +15 TWorkerThread.WorkProc
00b1302e +022 luaicp.dll   WThreads        2309  +1 TThreadWatchdog.WorkProc
00b10167 +0b3 luaicp.dll   WThreads        1603 +12 TWorkerThread.WorkCycle
00b0edb0 +09c luaicp.dll   WThreads        1309 +18 TWorkerThread.OleExec
00b0d131 +2d9 luaicp.dll   WThreads         864 +57 TWorkerThread.Execute
009e4e11 +049 luaicp.dll   System.Classes 14356 +21 ThreadProc
008bb3a0 +028 luaicp.dll   System         24003 +45 ThreadWrapper
762b3368 +010 kernel32.dll                          BaseThreadInitThunk

MemStatCollector { TMemStatCollector@=$0EBAA600:: luaicp.dll /ID=4088 } ($ff8):
7708f8da +00e ntdll.dll                               NtWaitForSingleObject
75c815c8 +092 KERNELBASE.dll                          WaitForSingleObjectEx
762b118f +03e kernel32.dll                            WaitForSingleObjectEx
762b1143 +00d kernel32.dll                            WaitForSingleObject
00b0c30c +03c luaicp.dll     WThreads         561  +2 DbgWaitForSO
00b0ebdb +047 luaicp.dll     WThreads        1279  +4 TWorkerThread.WaitRqsPosted
00b10209 +155 luaicp.dll     WThreads        1616 +25 TWorkerThread.WorkCycle
00b0edb0 +09c luaicp.dll     WThreads        1309 +18 TWorkerThread.OleExec
00b0d131 +2d9 luaicp.dll     WThreads         864 +57 TWorkerThread.Execute
009e4e11 +049 luaicp.dll     System.Classes 14356 +21 ThreadProc
008bb3a0 +028 luaicp.dll     System         24003 +45 ThreadWrapper
762b3368 +010 kernel32.dll                            BaseThreadInitThunk

thread $c84:
77090166 +0e ntdll.dll     NtWaitForMultipleObjects
762b3368 +10 kernel32.dll  BaseThreadInitThunk

TAppLoggingThread@=$0EB31674_M008B0000 ($1060): <priority:1>
7708f8da +00e ntdll.dll                               NtWaitForSingleObject
75c815c8 +092 KERNELBASE.dll                          WaitForSingleObjectEx
762b118f +03e kernel32.dll                            WaitForSingleObjectEx
762b1143 +00d kernel32.dll                            WaitForSingleObject
00b30b01 +22d luaicp.dll     misc            4231 +52 TAppLoggingThread.Execute
009e4e11 +049 luaicp.dll     System.Classes 14356 +21 ThreadProc
008bb3a0 +028 luaicp.dll     System         24003 +45 ThreadWrapper
762b3368 +010 kernel32.dll                            BaseThreadInitThunk

gToolThread { TToolThread@=$0EBB2E34:: luaicp.dll /ID=448 } ($1c0): <priority:1>
00b69b7c +184 luaicp.dll   LCGlobals       2360  +50 TToolThread.TestKeyMap
00b6a2fa +702 luaicp.dll   LCGlobals       2504 +129 TToolThread.WorkProc
00b10209 +155 luaicp.dll   WThreads        1616  +25 TWorkerThread.WorkCycle
00b0edb0 +09c luaicp.dll   WThreads        1309  +18 TWorkerThread.OleExec
00b0d131 +2d9 luaicp.dll   WThreads         864  +57 TWorkerThread.Execute
009e4e11 +049 luaicp.dll   System.Classes 14356  +21 ThreadProc
008bb3a0 +028 luaicp.dll   System         24003  +45 ThreadWrapper
762b3368 +010 kernel32.dll                           BaseThreadInitThunk

AsyncTexLoader#0 { TAsyncTexLoader@=$0EBBC174:: luaicp.dll /ID=6104 } ($17d8):
7708f8da +00e ntdll.dll                               NtWaitForSingleObject
75c815c8 +092 KERNELBASE.dll                          WaitForSingleObjectEx
762b118f +03e kernel32.dll                            WaitForSingleObjectEx
762b1143 +00d kernel32.dll                            WaitForSingleObject
00b0c30c +03c luaicp.dll     WThreads         561  +2 DbgWaitForSO
00b0ebdb +047 luaicp.dll     WThreads        1279  +4 TWorkerThread.WaitRqsPosted
00b10209 +155 luaicp.dll     WThreads        1616 +25 TWorkerThread.WorkCycle
00b0edb0 +09c luaicp.dll     WThreads        1309 +18 TWorkerThread.OleExec
00b0d131 +2d9 luaicp.dll     WThreads         864 +57 TWorkerThread.Execute
009e4e11 +049 luaicp.dll     System.Classes 14356 +21 ThreadProc
008bb3a0 +028 luaicp.dll     System         24003 +45 ThreadWrapper
762b3368 +010 kernel32.dll                            BaseThreadInitThunk

AsyncTexLoader#1 { TAsyncTexLoader@=$0EBBC934:: luaicp.dll /ID=5952 } ($1740):
7708f8da +00e ntdll.dll                               NtWaitForSingleObject
75c815c8 +092 KERNELBASE.dll                          WaitForSingleObjectEx
762b118f +03e kernel32.dll                            WaitForSingleObjectEx
762b1143 +00d kernel32.dll                            WaitForSingleObject
00b0c30c +03c luaicp.dll     WThreads         561  +2 DbgWaitForSO
00b0ebdb +047 luaicp.dll     WThreads        1279  +4 TWorkerThread.WaitRqsPosted
00b10209 +155 luaicp.dll     WThreads        1616 +25 TWorkerThread.WorkCycle
00b0edb0 +09c luaicp.dll     WThreads        1309 +18 TWorkerThread.OleExec
00b0d131 +2d9 luaicp.dll     WThreads         864 +57 TWorkerThread.Execute
009e4e11 +049 luaicp.dll     System.Classes 14356 +21 ThreadProc
008bb3a0 +028 luaicp.dll     System         24003 +45 ThreadWrapper
762b3368 +010 kernel32.dll                            BaseThreadInitThunk

AsyncTexLoader#2 { TAsyncTexLoader@=$0EBBB1F4:: luaicp.dll /ID=940 } ($3ac):
7708f8da +00e ntdll.dll                               NtWaitForSingleObject
75c815c8 +092 KERNELBASE.dll                          WaitForSingleObjectEx
762b118f +03e kernel32.dll                            WaitForSingleObjectEx
762b1143 +00d kernel32.dll                            WaitForSingleObject
00b0c30c +03c luaicp.dll     WThreads         561  +2 DbgWaitForSO
00b0ebdb +047 luaicp.dll     WThreads        1279  +4 TWorkerThread.WaitRqsPosted
00b10209 +155 luaicp.dll     WThreads        1616 +25 TWorkerThread.WorkCycle
00b0edb0 +09c luaicp.dll     WThreads        1309 +18 TWorkerThread.OleExec
00b0d131 +2d9 luaicp.dll     WThreads         864 +57 TWorkerThread.Execute
009e4e11 +049 luaicp.dll     System.Classes 14356 +21 ThreadProc
008bb3a0 +028 luaicp.dll     System         24003 +45 ThreadWrapper
762b3368 +010 kernel32.dll                            BaseThreadInitThunk

AsyncTexLoader#3 { TAsyncTexLoader@=$0EBBB9B4:: luaicp.dll /ID=1092 } ($444):
7708f8da +00e ntdll.dll                               NtWaitForSingleObject
75c815c8 +092 KERNELBASE.dll                          WaitForSingleObjectEx
762b118f +03e kernel32.dll                            WaitForSingleObjectEx
762b1143 +00d kernel32.dll                            WaitForSingleObject
00b0c30c +03c luaicp.dll     WThreads         561  +2 DbgWaitForSO
00b0ebdb +047 luaicp.dll     WThreads        1279  +4 TWorkerThread.WaitRqsPosted
00b10209 +155 luaicp.dll     WThreads        1616 +25 TWorkerThread.WorkCycle
00b0edb0 +09c luaicp.dll     WThreads        1309 +18 TWorkerThread.OleExec
00b0d131 +2d9 luaicp.dll     WThreads         864 +57 TWorkerThread.Execute
009e4e11 +049 luaicp.dll     System.Classes 14356 +21 ThreadProc
008bb3a0 +028 luaicp.dll     System         24003 +45 ThreadWrapper
762b3368 +010 kernel32.dll                            BaseThreadInitThunk

AsyncTexLoader#4 { TAsyncTexLoader@=$0EBBD0F4:: luaicp.dll /ID=5784 } ($1698):
7708f8da +00e ntdll.dll                               NtWaitForSingleObject
75c815c8 +092 KERNELBASE.dll                          WaitForSingleObjectEx
762b118f +03e kernel32.dll                            WaitForSingleObjectEx
762b1143 +00d kernel32.dll                            WaitForSingleObject
00b0c30c +03c luaicp.dll     WThreads         561  +2 DbgWaitForSO
00b0ebdb +047 luaicp.dll     WThreads        1279  +4 TWorkerThread.WaitRqsPosted
00b10209 +155 luaicp.dll     WThreads        1616 +25 TWorkerThread.WorkCycle
00b0edb0 +09c luaicp.dll     WThreads        1309 +18 TWorkerThread.OleExec
00b0d131 +2d9 luaicp.dll     WThreads         864 +57 TWorkerThread.Execute
009e4e11 +049 luaicp.dll     System.Classes 14356 +21 ThreadProc
008bb3a0 +028 luaicp.dll     System         24003 +45 ThreadWrapper
762b3368 +010 kernel32.dll                            BaseThreadInitThunk

AsyncTexLoader#5 { TAsyncTexLoader@=$0EBBD8B4:: luaicp.dll /ID=2396 } ($95c):
7708f8da +00e ntdll.dll                               NtWaitForSingleObject
75c815c8 +092 KERNELBASE.dll                          WaitForSingleObjectEx
762b118f +03e kernel32.dll                            WaitForSingleObjectEx
762b1143 +00d kernel32.dll                            WaitForSingleObject
00b0c30c +03c luaicp.dll     WThreads         561  +2 DbgWaitForSO
00b0ebdb +047 luaicp.dll     WThreads        1279  +4 TWorkerThread.WaitRqsPosted
00b10209 +155 luaicp.dll     WThreads        1616 +25 TWorkerThread.WorkCycle
00b0edb0 +09c luaicp.dll     WThreads        1309 +18 TWorkerThread.OleExec
00b0d131 +2d9 luaicp.dll     WThreads         864 +57 TWorkerThread.Execute
009e4e11 +049 luaicp.dll     System.Classes 14356 +21 ThreadProc
008bb3a0 +028 luaicp.dll     System         24003 +45 ThreadWrapper
762b3368 +010 kernel32.dll                            BaseThreadInitThunk

AsyncTexLoader#6 { TAsyncTexLoader@=$0EBBE074:: luaicp.dll /ID=5152 } ($1420):
7708f8da +00e ntdll.dll                               NtWaitForSingleObject
75c815c8 +092 KERNELBASE.dll                          WaitForSingleObjectEx
762b118f +03e kernel32.dll                            WaitForSingleObjectEx
762b1143 +00d kernel32.dll                            WaitForSingleObject
00b0c30c +03c luaicp.dll     WThreads         561  +2 DbgWaitForSO
00b0ebdb +047 luaicp.dll     WThreads        1279  +4 TWorkerThread.WaitRqsPosted
00b10209 +155 luaicp.dll     WThreads        1616 +25 TWorkerThread.WorkCycle
00b0edb0 +09c luaicp.dll     WThreads        1309 +18 TWorkerThread.OleExec
00b0d131 +2d9 luaicp.dll     WThreads         864 +57 TWorkerThread.Execute
009e4e11 +049 luaicp.dll     System.Classes 14356 +21 ThreadProc
008bb3a0 +028 luaicp.dll     System         24003 +45 ThreadWrapper
762b3368 +010 kernel32.dll                            BaseThreadInitThunk

AsyncTexLoader#7 { TAsyncTexLoader@=$0EBBE834:: luaicp.dll /ID=616 } ($268):
7708f8da +00e ntdll.dll                               NtWaitForSingleObject
75c815c8 +092 KERNELBASE.dll                          WaitForSingleObjectEx
762b118f +03e kernel32.dll                            WaitForSingleObjectEx
762b1143 +00d kernel32.dll                            WaitForSingleObject
00b0c30c +03c luaicp.dll     WThreads         561  +2 DbgWaitForSO
00b0ebdb +047 luaicp.dll     WThreads        1279  +4 TWorkerThread.WaitRqsPosted
00b10209 +155 luaicp.dll     WThreads        1616 +25 TWorkerThread.WorkCycle
00b0edb0 +09c luaicp.dll     WThreads        1309 +18 TWorkerThread.OleExec
00b0d131 +2d9 luaicp.dll     WThreads         864 +57 TWorkerThread.Execute
009e4e11 +049 luaicp.dll     System.Classes 14356 +21 ThreadProc
008bb3a0 +028 luaicp.dll     System         24003 +45 ThreadWrapper
762b3368 +010 kernel32.dll                            BaseThreadInitThunk

late@14:49:43.728=3224 ($c98):
77091f4f +0b ntdll.dll     NtWaitForWorkViaWorkerFactory
762b3368 +10 kernel32.dll  BaseThreadInitThunk

late@14:49:44.162=5860 ($16e4):
77091f4f +0b ntdll.dll     NtWaitForWorkViaWorkerFactory
762b3368 +10 kernel32.dll  BaseThreadInitThunk

late@14:49:44.162=4696 ($1258): <priority:15>
77090166 +0e ntdll.dll     NtWaitForMultipleObjects
762b3368 +10 kernel32.dll  BaseThreadInitThunk

late@14:49:44.643=5060 ($13c4): <priority:15>
77090166 +0e ntdll.dll       NtWaitForMultipleObjects
75c81714 +fa KERNELBASE.dll  WaitForMultipleObjectsEx
762b19f7 +89 kernel32.dll    WaitForMultipleObjectsEx
762b41d3 +13 kernel32.dll    WaitForMultipleObjects
762b3368 +10 kernel32.dll    BaseThreadInitThunk

late@14:49:44.644=6108 ($17dc):
77090166 +0e ntdll.dll       NtWaitForMultipleObjects
75c81714 +fa KERNELBASE.dll  WaitForMultipleObjectsEx
762b19f7 +89 kernel32.dll    WaitForMultipleObjectsEx
762b3368 +10 kernel32.dll    BaseThreadInitThunk

late@14:49:44.655=3168 ($c60): <priority:15>
77090166 +0e ntdll.dll       NtWaitForMultipleObjects
75c81714 +fa KERNELBASE.dll  WaitForMultipleObjectsEx
762b19f7 +89 kernel32.dll    WaitForMultipleObjectsEx
762b41d3 +13 kernel32.dll    WaitForMultipleObjects
762b3368 +10 kernel32.dll    BaseThreadInitThunk

late@14:49:44.669=5684 ($1634): <priority:-3>
77090166 +0e ntdll.dll       NtWaitForMultipleObjects
75c81714 +fa KERNELBASE.dll  WaitForMultipleObjectsEx
762b19f7 +89 kernel32.dll    WaitForMultipleObjectsEx
762b41d3 +13 kernel32.dll    WaitForMultipleObjects
762b3368 +10 kernel32.dll    BaseThreadInitThunk

late@14:49:44.820=3820 ($eec):
77091f4f +0b ntdll.dll     NtWaitForWorkViaWorkerFactory
762b3368 +10 kernel32.dll  BaseThreadInitThunk

late@14:49:47.204=5500 ($157c): <priority:2>
77090166 +0e ntdll.dll       NtWaitForMultipleObjects
75c81714 +fa KERNELBASE.dll  WaitForMultipleObjectsEx
762b19f7 +89 kernel32.dll    WaitForMultipleObjectsEx
762b3368 +10 kernel32.dll    BaseThreadInitThunk

late@14:49:48.376=4584 ($11e8): <priority:1>
7708f8da +0000e ntdll.dll       NtWaitForSingleObject
770bea8d +2c7bd ntdll.dll       RtlEnterCriticalSection
02709aa5 +00005 xrCore.dll      xrSyncronize.obj
00522cda +0007a xr_3da.EXE      device.obj
770d389d +000f4 ntdll.dll       RtlUnwind
75c7c549 +00052 KERNELBASE.dll  RaiseException
026c5d98 +00028 xrCore.dll      _math.obj
66e7c9f8 +0007c MSVCR120.dll    _endthread
762b3368 +00010 kernel32.dll    BaseThreadInitThunk

BackgroundScanner { TBackgroundScanner@=$0EBB5CB4:: luaicp.dll /ID=2240 } ($8c0): <priority:-1>
75c84607 +00a KERNELBASE.dll                          Sleep
00b10167 +0b3 luaicp.dll     WThreads        1603 +12 TWorkerThread.WorkCycle
00b0edb0 +09c luaicp.dll     WThreads        1309 +18 TWorkerThread.OleExec
00b0d131 +2d9 luaicp.dll     WThreads         864 +57 TWorkerThread.Execute
009e4e11 +049 luaicp.dll     System.Classes 14356 +21 ThreadProc
008bb3a0 +028 luaicp.dll     System         24003 +45 ThreadWrapper
762b3368 +010 kernel32.dll                            BaseThreadInitThunk

late@19:37:01.147=5300 ($14b4):
7708f8da +0e ntdll.dll       NtWaitForSingleObject
75c815c8 +92 KERNELBASE.dll  WaitForSingleObjectEx
762b118f +3e kernel32.dll    WaitForSingleObjectEx
762b1143 +0d kernel32.dll    WaitForSingleObject
762b3368 +10 kernel32.dll    BaseThreadInitThunk

late@19:37:01.147=4592 ($11f0):
7708f8da +0e ntdll.dll       NtWaitForSingleObject
75c815c8 +92 KERNELBASE.dll  WaitForSingleObjectEx
762b118f +3e kernel32.dll    WaitForSingleObjectEx
762b1143 +0d kernel32.dll    WaitForSingleObject
762b3368 +10 kernel32.dll    BaseThreadInitThunk

late@19:37:01.148=3512 ($db8):
7708f8da +0e ntdll.dll       NtWaitForSingleObject
75c815c8 +92 KERNELBASE.dll  WaitForSingleObjectEx
762b118f +3e kernel32.dll    WaitForSingleObjectEx
762b1143 +0d kernel32.dll    WaitForSingleObject
762b3368 +10 kernel32.dll    BaseThreadInitThunk

late@19:37:41.618=5880 ($16f8):
77091f4f +0b ntdll.dll     NtWaitForWorkViaWorkerFactory
762b3368 +10 kernel32.dll  BaseThreadInitThunk

modules:
00400000 xr_3da.EXE      1.7.0.5799         E:\Games\NLC7_2804_edit\bin
008b0000 luaicp.dll      7.1.6564.3224      E:\Games\NLC7_2804_edit\bin
02680000 xrCore.dll                         E:\Games\NLC7_2804_edit\bin
028f0000 lgscroll.dll    4.80.103.0         C:\Program Files\Logitech\SetPoint\x86
05df0000 Cm_Oal.dll      1.0.0.1            C:\Windows\system32
12850000 comctl32.dll    6.10.7601.18837    C:\Windows\WinSxS\x86_microsoft.windows.common-controls_6595b64144ccf1df_6.0.7601.18837_none_41e855142bd5705d
18780000 xrGame.dll                         E:\Games\NLC7_2804_edit\bin
1ab60000 wrap_oal.dll    2.2.0.5            C:\Windows\system32
650f0000 atiumdag.dll    7.14.10.911        C:\Windows\system32
65850000 atiumdva.dll    8.14.10.359        C:\Windows\system32
66100000 d3d9.dll        6.1.7601.17514     C:\Windows\system32
662d0000 atiu9pag.dll    8.14.1.6264        C:\Windows\system32
66340000 aticfx32.dll    8.17.10.1129       C:\Windows\system32
66430000 d3d8thk.dll     6.1.7600.16385     C:\Windows\system32
66450000 midimap.dll     6.1.7600.16385     C:\Windows\system32
66460000 msacm32.drv     6.1.7600.16385     C:\Windows\system32
66470000 AVRT.dll        6.1.7600.16385     C:\Windows\system32
66480000 ksuser.dll      6.1.7601.19091     C:\Windows\system32
66490000 wdmaud.drv      6.1.7601.17514     C:\Windows\system32
664c0000 xrRender_R2.dll                    E:\Games\NLC7_2804_edit\bin
665d0000 dsound.dll      6.1.7600.16385     C:\Windows\System32
66650000 ODE.dll                            E:\Games\NLC7_2804_edit\bin
666a0000 xrXMLParser.dll                    E:\Games\NLC7_2804_edit\bin
666c0000 xrParticles.dll                    E:\Games\NLC7_2804_edit\bin
666e0000 d3dx9_35.dll    9.19.949.1104      C:\Windows\system32
66a90000 DINPUT8.dll     6.1.7600.16385     C:\Windows\system32
66ac0000 OpenAL32.dll    6.14.357.21        E:\Games\NLC7_2804_edit\bin
66af0000 xrSound.dll                        E:\Games\NLC7_2804_edit\bin
66b30000 xrCDB.dll                          E:\Games\NLC7_2804_edit\bin
66b50000 xrAPI.dll                          E:\Games\NLC7_2804_edit\bin
66b60000 MSVFW32.dll     6.1.7601.17514     C:\Windows\system32
66b90000 xrNetServer.dll                    E:\Games\NLC7_2804_edit\bin
66bc0000 SXS.DLL         6.1.7601.17514     C:\Windows\system32
66c20000 FaultRep.dll    6.1.7601.17514     C:\Windows\system32
66c80000 AcLayers.DLL    6.1.7601.17514     C:\Windows\AppPatch
66d10000 EasyECDSA.dll                      E:\Games\NLC7_2804_edit\bin
66e00000 MSVCR120.dll    12.0.21005.1       C:\Windows\system32
66ef0000 MSVCP120.dll    12.0.21005.1       C:\Windows\system32
67390000 luabind.dll                        E:\Games\NLC7_2804_edit\bin
673b0000 PowrProf.dll    6.1.7600.16385     C:\Windows\system32
674b0000 AVIFIL32.dll    6.1.7601.17514     C:\Windows\system32
674d0000 lua5.1.dll                         E:\Games\NLC7_2804_edit\bin
6f560000 xrCPU_Pipe.dll                     E:\Games\NLC7_2804_edit\bin
6f570000 LZ4.dll                            E:\Games\NLC7_2804_edit\bin
6f580000 SHFolder.dll    6.1.7600.16385     C:\Windows\system32
6f5f0000 AUDIOSES.DLL    6.1.7601.18741     C:\Windows\system32
6f630000 PROPSYS.dll     7.0.7601.17514     C:\Windows\System32
6f730000 MMDevApi.dll    6.1.7601.17514     C:\Windows\System32
6f800000 comctl32.dll    5.82.7601.18837    C:\Windows\WinSxS\x86_microsoft.windows.common-controls_6595b64144ccf1df_5.82.7601.18837_none_ec86b8d6858ec0bc
71280000 HID.DLL         6.1.7600.16385     C:\Windows\system32
71b40000 MSVCR80.dll     8.0.50727.6195     C:\Windows\WinSxS\x86_microsoft.vc80.crt_1fc8b3b9a1e18e3b_8.0.50727.6195_none_d09154e044272b9a
723a0000 dwmapi.dll      6.1.7600.16385     C:\Windows\system32
723e0000 MSACM32.dll     6.1.7600.16385     C:\Windows\system32
72410000 uxtheme.dll     6.1.7600.16385     C:\Windows\system32
726b0000 apphelp.dll     6.1.7601.17514     C:\Windows\system32
72700000 winmm.dll       6.1.7601.17514     C:\Windows\system32
72740000 winspool.drv    6.1.7601.17514     C:\Windows\system32
72a90000 ntmarta.dll     6.1.7600.16385     C:\Windows\system32
72db0000 MPR.dll         6.1.7600.16385     C:\Windows\system32
72e40000 wsock32.dll     6.1.7600.16385     C:\Windows\system32
72e90000 version.dll     6.1.7600.16385     C:\Windows\system32
74510000 dbghelp.dll     6.1.7601.17514     C:\Windows\system32
749d0000 CRYPTBASE.dll   6.1.7601.23677     C:\Windows\syswow64
749e0000 SspiCli.dll     6.1.7601.23677     C:\Windows\syswow64
74a40000 USER32.dll      6.1.7601.19061     C:\Windows\syswow64
74b50000 PSAPI.DLL       6.1.7600.16385     C:\Windows\syswow64
74b60000 GDI32.dll       6.1.7601.23688     C:\Windows\syswow64
74bf0000 MSASN1.dll      6.1.7601.17514     C:\Windows\syswow64
74e50000 SHELL32.dll     6.1.7601.18952     C:\Windows\syswow64
75aa0000 msvcrt.dll      7.0.7601.17744     C:\Windows\syswow64
75b50000 oleaut32.dll    6.1.7601.19144     C:\Windows\syswow64
75be0000 CFGMGR32.dll    6.1.7601.17621     C:\Windows\syswow64
75c10000 WS2_32.dll      6.1.7601.17514     C:\Windows\syswow64
75c50000 DEVOBJ.dll      6.1.7601.17621     C:\Windows\syswow64
75c70000 KERNELBASE.dll  6.1.7601.23677     C:\Windows\syswow64
75cd0000 ole32.dll       6.1.7601.19131     C:\Windows\syswow64
75e30000 sechost.dll     6.1.7600.16385     C:\Windows\SysWOW64
75e50000 CRYPT32.dll     6.1.7601.18741     C:\Windows\syswow64
75f90000 LPK.dll         6.1.7601.19146     C:\Windows\syswow64
75fa0000 MSCTF.dll       6.1.7601.18731     C:\Windows\syswow64
76080000 IMM32.DLL       6.1.7601.17514     C:\Windows\system32
76110000 CLBCatQ.DLL     2001.12.8530.16385 C:\Windows\syswow64
761b0000 WINTRUST.dll    6.1.7601.18741     C:\Windows\syswow64
76270000 USERENV.dll     6.1.7601.17514     C:\Windows\syswow64
76290000 profapi.dll     6.1.7600.16385     C:\Windows\syswow64
762a0000 kernel32.dll    6.1.7601.23677     C:\Windows\syswow64
763b0000 WLDAP32.dll     6.1.7601.17514     C:\Windows\syswow64
76400000 SETUPAPI.dll    6.1.7601.17514     C:\Windows\syswow64
765a0000 comdlg32.dll    6.1.7601.17514     C:\Windows\syswow64
76620000 USP10.dll       1.626.7601.23688   C:\Windows\syswow64
76a10000 RPCRT4.dll      6.1.7601.23677     C:\Windows\syswow64
76b60000 ADVAPI32.dll    6.1.7601.23677     C:\Windows\syswow64
76c10000 SHLWAPI.dll     6.1.7601.17514     C:\Windows\syswow64
77040000 NSI.dll         6.1.7600.16385     C:\Windows\syswow64
77070000 ntdll.dll       6.1.7601.23677     C:\Windows\SysWOW64

processes:
0000 Idle                       0 0   0
0004 System                     0 0   0
00f4 smss.exe                   0 0   0
0184 csrss.exe                  0 0   0
01c8 wininit.exe                0 0   0
01d8 csrss.exe                  1 0   0
01f8 services.exe               0 0   0
0214 lsass.exe                  0 0   0
021c lsm.exe                    0 0   0
02ac winlogon.exe               1 0   0
02b4 svchost.exe                0 0   0
0320 svchost.exe                0 0   0
0358 atiesrxx.exe               0 0   0
03a4 svchost.exe                0 0   0
03d4 svchost.exe                0 0   0
00d8 svchost.exe                0 0   0
0118 svchost.exe                0 0   0
0424 svchost.exe                0 0   0
0478 atieclxx.exe               1 0   0
0488 sched.exe                  0 0   0
04f8 svchost.exe                0 0   0
05a0 taskhost.exe               1 24  20  normal
05ec dwm.exe                    1 18  2   high
0610 explorer.exe               1 355 216 normal
06d4 hf.exe                     1 213 237 normal       C:\Program Files\Hide Folders 2009
0748 SetPoint.exe               1 46  67  normal
0768 SetPoint32.exe             1 15  11  normal       C:\Program Files\Logitech\SetPoint\x86
077c KHALMNPR.exe               1 9   19  normal
040c AsusAudioCenter.exe        1 260 169 normal       C:\Program Files\ASUS Xonar DG Audio\Customapp
063c avguard.exe                0 0   0
0698 PowerNap.Service.exe       0 0   0
0714 fsproflt.exe               0 0   0
0684 nlssrv32.exe               0 0   0
06cc PowerNapWatcher.exe        1 29  17  normal
0848 softOSD.exe                0 0   0
089c MOM.exe                    1 9   10  normal
0924 CCC.exe                    1 60  43  normal
09a0 avshadow.exe               0 0   0
09e0 softLCP.exe                1 12  5   normal       C:\Windows\SysWOW64
0b7c sqlwriter.exe              0 0   0
04e0 Avira.ServiceHost.exe      0 0   0
05b4 svchost.exe                0 0   0
0c9c avgnt.exe                  1 76  48  below normal C:\Program Files (x86)\Avira\AntiVir Desktop
0d14 PresentationFontCache.exe  0 0   0
0f28 thebat64.exe               1 900 212 normal
119c sublime_text.exe           1 49  113 normal
143c plugin_host.exe            1 9   1   normal
1704 TotalCommanderPortable.exe 1 12  3   normal       E:\Program Files\TotalCommanderPortable
0874 TOTALCMD64.EXE             1 330 268 normal
0e8c launch.exe                 1 72  57  normal       E:\Games\NLC7_2804_edit\bin
1764 conhost.exe                1 30  14  normal
1508 xr_3da.EXE                 1 38  44  normal       E:\Games\NLC7_2804_edit\bin
14ec conhost.exe                1 31  10  normal
0274 audiodg.exe                0 0   0
138c WmiPrvSE.exe               0 0   0

hardware:
+ Computer
  - ACPI x64-based PC
+ Disk drives
  - WDC WD10EADS-00M2B0 ATA Device
  - WDC WD6400AAKS-65A7B0 ATA Device
+ Display adapters
  - ATI Radeon HD 4800 Series (driver 8.970.100.1100)
+ DriverInterface
  - Logitech Driver Interface (driver 4.82.4.0)
+ DVD/CD-ROM drives
  - DTSoftBusCd00
  - TYBQJ 5YB092NG SCSI CdRom Device
+ Floppy disk drives
  - Floppy disk drive
+ Floppy drive controllers
  - Standard floppy disk controller
+ Human Interface Devices
  - HID-compliant consumer control device
  - HID-compliant device
  - HID-compliant device
  - HID-compliant device
  - USB Input Device
  - USB Input Device
  - USB Input Device
  - USB Input Device
+ IDE ATA/ATAPI controllers
  - ATA Channel 0
  - ATA Channel 0
  - ATA Channel 0
  - ATA Channel 1
  - ATA Channel 1
  - ATA Channel 1
  - Standard Dual Channel PCI IDE Controller
  - Standard Dual Channel PCI IDE Controller
  - Standard Dual Channel PCI IDE Controller
+ IEEE 1394 Bus host controllers
  - Texas Instruments 1394 OHCI Compliant Host Controller
+ Keyboards
  - Logitech HID-Compliant Keyboard (driver 4.82.4.0)
+ Mice and other pointing devices
  - Logitech HID-compliant G5 Laser Mouse (driver 4.82.4.0)
+ Monitors
  - Dell U2412M(Digital) (driver 1.0.0.0)
+ Network adapters
  - Microsoft ISATAP Adapter
  - Microsoft ISATAP Adapter #2
  - Realtek RTL8168C(P)/8111C(P) Family PCI-E Gigabit Ethernet NIC (NDIS 6.20)
  - WAN Miniport (IKEv2)
  - WAN Miniport (IP)
  - WAN Miniport (IPv6)
  - WAN Miniport (L2TP)
  - WAN Miniport (Network Monitor)
  - WAN Miniport (PPPOE)
  - WAN Miniport (PPTP)
  - WAN Miniport (SSTP)
+ Ports (COM & LPT)
  - Communications Port (COM1)
  - Printer Port (LPT1)
+ Processors
  - Intel(R) Core(TM)2 Duo CPU     E8500  @ 3.16GHz
  - Intel(R) Core(TM)2 Duo CPU     E8500  @ 3.16GHz
+ Sound, video and game controllers
  - AMD High Definition Audio Device (driver 7.12.0.7708)
  - ASUS Xonar DG Audio Device (driver 7.0.8.1821)
  - Realtek High Definition Audio (driver 6.0.1.5911)
+ Storage controllers
  - A5JEH0WJ IDE Controller
+ System devices
  - ACPI Fixed Feature Button
  - ACPI Power Button
  - Composite Bus Enumerator
  - DAEMON Tools Virtual Bus Driver (driver 4.40.1.208)
  - Direct memory access controller
  - Extended IO Bus
  - File as Volume Driver
  - High Definition Audio Controller
  - High Definition Audio Controller
  - High precision event timer
  - Intel(R) 4 Series Chipset PCI Express Root Port - 2E21
  - Intel(R) 4 Series Chipset Processor to I/O Controller - 2E20
  - Intel(R) 82801 PCI Bridge - 244E
  - Intel(R) 82802 Firmware Hub Device
  - Intel(R) ICH10 Family PCI Express Root Port 1 - 3A40
  - Intel(R) ICH10 Family PCI Express Root Port 4 - 3A46
  - Intel(R) ICH10 Family PCI Express Root Port 6 - 3A4A
  - Intel(R) ICH10 Family SMBus Controller - 3A30
  - Intel(R) ICH10 LPC Interface Controller - 3A18
  - Microsoft ACPI-Compliant System
  - Microsoft System Management BIOS Driver
  - Microsoft Virtual Drive Enumerator Driver
  - Motherboard resources
  - Motherboard resources
  - Motherboard resources
  - Numeric data processor
  - PCI bus
  - Plug and Play Software Device Enumerator
  - Printer Port Logical Interface
  - Programmable interrupt controller
  - Remote Desktop Device Redirector Bus
  - System board
  - System CMOS/real time clock
  - System speaker
  - System timer
  - Terminal Server Keyboard Driver
  - Terminal Server Mouse Driver
  - UMBus Root Bus Enumerator
  - Volume Manager
+ Universal Serial Bus controllers
  - Intel(R) ICH10 Family USB Enhanced Host Controller - 3A3A
  - Intel(R) ICH10 Family USB Enhanced Host Controller - 3A3C
  - Intel(R) ICH10 Family USB Universal Host Controller - 3A34
  - Intel(R) ICH10 Family USB Universal Host Controller - 3A35
  - Intel(R) ICH10 Family USB Universal Host Controller - 3A36
  - Intel(R) ICH10 Family USB Universal Host Controller - 3A37
  - Intel(R) ICH10 Family USB Universal Host Controller - 3A38
  - Intel(R) ICH10 Family USB Universal Host Controller - 3A39
  - USB Composite Device
  - USB Composite Device
  - USB Root Hub
  - USB Root Hub
  - USB Root Hub
  - USB Root Hub
  - USB Root Hub
  - USB Root Hub
  - USB Root Hub
  - USB Root Hub

cpu registers:
eax = 21e6d378
ebx = 00000000
ecx = 04474b98
edx = 24429c7b
esi = 007b0000
edi = 00182d90
eip = 770a46f3
esp = 00181b90
ebp = 00181b9c

stack dump:
00181b90  90 2d 18 00 00 2d 18 00 - 90 62 6f 02 b0 1b 18 00  .-...-...bo.....
00181ba0  2c ca e1 66 00 00 7b 00 - 00 00 00 00 80 d3 e6 21  ,..f..{........!
00181bb0  5c 24 18 00 63 66 6f 02 - 80 d3 e6 21 90 2d 18 00  \$..cfo....!.-..
00181bc0  90 62 6f 02 00 2d 18 00 - 90 2d 18 00 90 62 6f 02  .bo..-...-...bo.
00181bd0  00 2d 18 00 33 37 2e 33 - 34 34 5d 20 00 31 a1 65  .-..37.344] .1.e
00181be0  06 56 a0 2a fe ff ff ff - c0 23 a1 65 00 00 00 00  .V.*.....#.e....
00181bf0  00 00 38 1e 60 42 89 f3 - ba 0b 00 00 e4 35 dd e7  ..8.`B.......5..
00181c00  97 fe 28 bd 2c 1c 18 00 - 24 5c 0c 77 60 42 89 f3  ..(.,...$\.w`B..
00181c10  fe 0b 00 00 0e b9 67 fa - eb 50 d7 c6 1a 00 00 00  ......g..P......
00181c20  e6 ff ff ff 00 c8 b2 da - 68 1c 18 00 e6 ff ff ff  ........h.......
00181c30  4c 1c 18 00 88 5c 0c 77 - 00 00 00 00 60 26 36 04  L....\.w....`&6.
00181c40  00 00 00 00 60 8b d7 4f - 3c 89 90 00 60 8b d7 4f  ....`..O<...`..O
00181c50  60 8b d7 4f 60 8b d7 4f - 60 8b d7 4f a4 aa d7 4f  `..O`..O`..O...O
00181c60  60 8b d7 4f 78 1c 18 00 - 60 8b d7 4f a4 aa d7 4f  `..Ox...`..O...O
00181c70  b2 e1 76 6d c2 a3 c1 0e - c2 a3 c1 0e 2a 2b ea 3f  ..vm........*+.?
00181c80  60 8b d7 4f 70 68 81 02 - 38 36 18 00 5e 09 71 02  `..Oph..86..^.q.
00181c90  ff ff ff ff b0 2e 18 00 - 59 9e 6e 02 a0 1c 18 00  ........Y.n.....
00181ca0  2a 20 67 61 6d 65 20 72 - 65 6e 64 65 72 20 73 74  * game render st
00181cb0  61 74 75 73 20 73 77 69 - 74 63 68 65 64 20 74 6f  atus switched to
00181cc0  20 27 69 6e 74 65 72 61 - 63 74 69 76 65 27 20 66   'interactive' f

disassembling:
[...]
00b713ef       push    $b71410                ; System.@HandleOnException
00b713f4       push    dword ptr fs:[eax]
00b713f7       mov     fs:[eax], esp
00b713fa 634   mov     ebx, [ebp-4]
00b713fd       mov     eax, [ebp-8]
00b71400     > call    dword ptr [ebx+$2a]
00b71403       mov     [ebp-$10], eax
00b71406       xor     eax, eax
00b71408       pop     edx
00b71409       pop     ecx
00b7140a       pop     ecx
[...]

date/time          : 2018-12-20, 09:37:05, 164ms
computer name      : HOME-PC
user name          : denis <admin>
registered owner   : Microsoft / Microsoft
operating system   : Windows 7 x64 Service Pack 1 build 7601
system language    : Ukrainian
system up time     : 2 hours 13 minutes
program up time    : 27 seconds
processors         : 2x Intel(R) Core(TM)2 Duo CPU E8500 @ 3.16GHz
physical memory    : 2080/4094 MB (free/total)
free disk space    : (C:) 4,17 GB (E:) 294,99 GB
display mode       : 1920x1200, 32 bit
process id         : $e04
allocated memory   : 667,75 MB
largest free block : 1,82 GB
command line       : E:\Games\NLC7_2804_edit\bin\xr_3da.EXE -noprefetch -no_intro -verbosity 5 -verb_filters PERF -debug_dialogs -noshadows
executable         : xr_3da.EXE
current module     : luaicp.dll
module date/time   : 2017-12-21 00:53
version            : 7.1.6564.3224
compiled with      : Delphi XE8
madExcept version  : 4.0.18
callstack crc      : $2f04ef9c, $ff45e03a, $fb000795
exception number   : 1
exception class    : EAccessViolation
exception message  : Access violation at address 00BF8985 in module 'luaicp.dll'. Read of address 000007DB.

gToolThread { TToolThread@=$11A82E34:: luaicp.dll /ID=3804 } ($edc): <priority:1>
00bf8985 +031 luaicp.dll   System.SysUtils 18664   +3 EncodeTime
00bf8d9f +03b luaicp.dll   System.SysUtils 18865   +2 Now
00e60797 +0cf luaicp.dll   XrayMM            434  +43 UniGetMem
00ba6d24 +004 luaicp.dll   System           4565  +20 @GetMem
00bab452 +00e luaicp.dll   System          24227  +10 @NewUnicodeString
00bac7e5 +061 luaicp.dll   System          29852  +51 @UStrCatN
00e1543d +7f5 luaicp.dll   PsUtils          1170 +161 TModuleMap.LoadMap
00e59350 +1dc luaicp.dll   LCGlobals        2232  +28 TToolThread.UpdateMaps
00e5826b +2cb luaicp.dll   LCGlobals        1984  +81 TToolThread.OnTimer
00dff39c +14c luaicp.dll   WThreads         1390  +24 TWorkerThread.ProcessMessage
00dffc11 +07d luaicp.dll   WThreads         1519  +16 WrapWindowProc
75c67895 +00a USER32.dll                              DispatchMessageW
00dfd8f4 +114 luaicp.dll   WThreads         1006  +35 TWorkerThread.HandleMessages
00e00495 +089 luaicp.dll   WThreads         1663  +15 TWorkerThread.WorkProc
00e59c1f +027 luaicp.dll   LCGlobals        2376   +1 TToolThread.WorkProc
00e00167 +0b3 luaicp.dll   WThreads         1603  +12 TWorkerThread.WorkCycle
00dfedb0 +09c luaicp.dll   WThreads         1309  +18 TWorkerThread.OleExec
00dfd131 +2d9 luaicp.dll   WThreads          864  +57 TWorkerThread.Execute
00cd4e11 +049 luaicp.dll   System.Classes  14356  +21 ThreadProc
00bab3a0 +028 luaicp.dll   System          24003  +45 ThreadWrapper
74be3368 +010 kernel32.dll                            BaseThreadInitThunk

main ($1054):
004373d8 +0018 xr_3da.EXE    lua_tools.obj
00566b63 +0013 xr_3da.EXE    pure.obj
005668f2 +00d2 xr_3da.EXE    pure.obj
19576c1f +000f xrGame.dll    UIGameTutorial.obj
00566b83 +0013 xr_3da.EXE    pure.obj
005668f2 +00d2 xr_3da.EXE    pure.obj
00525c59 +00d9 xr_3da.EXE    device.obj
0052513a +1cea xr_3da.EXE    device.obj
0047a2fa +014a xr_3da.EXE    x_ray.obj
0047ac97 +045b xr_3da.EXE    x_ray.obj
0047ae89 +004c xr_3da.EXE    x_ray.obj
00576801 +012a xr_3da.EXE    MSVCRT:crtexew.obj
74be3368 +0010 kernel32.dll  BaseThreadInitThunk

THREAD_WATCHDOG { TThreadWatchdog@=$11A82660:: luaicp.dll /ID=4860 } ($12fc):
7721f9e2 +00e ntdll.dll                               NtSetEvent
75d60eff +00a KERNELBASE.dll                          SetEvent
00dfedb0 +09c luaicp.dll     WThreads        1309 +18 TWorkerThread.OleExec
00dfd131 +2d9 luaicp.dll     WThreads         864 +57 TWorkerThread.Execute
00cd4e11 +049 luaicp.dll     System.Classes 14356 +21 ThreadProc
00bab3a0 +028 luaicp.dll     System         24003 +45 ThreadWrapper
74be3368 +010 kernel32.dll                            BaseThreadInitThunk

MemStatCollector { TMemStatCollector@=$11A7A600:: luaicp.dll /ID=2160 } ($870):
7721f8da +00e ntdll.dll                               NtWaitForSingleObject
75d615c8 +092 KERNELBASE.dll                          WaitForSingleObjectEx
74be118f +03e kernel32.dll                            WaitForSingleObjectEx
74be1143 +00d kernel32.dll                            WaitForSingleObject
00dfc30c +03c luaicp.dll     WThreads         561  +2 DbgWaitForSO
00dfebdb +047 luaicp.dll     WThreads        1279  +4 TWorkerThread.WaitRqsPosted
00e00209 +155 luaicp.dll     WThreads        1616 +25 TWorkerThread.WorkCycle
00dfedb0 +09c luaicp.dll     WThreads        1309 +18 TWorkerThread.OleExec
00dfd131 +2d9 luaicp.dll     WThreads         864 +57 TWorkerThread.Execute
00cd4e11 +049 luaicp.dll     System.Classes 14356 +21 ThreadProc
00bab3a0 +028 luaicp.dll     System         24003 +45 ThreadWrapper
74be3368 +010 kernel32.dll                            BaseThreadInitThunk

thread $d00:
77220166 +0e ntdll.dll     NtWaitForMultipleObjects
74be3368 +10 kernel32.dll  BaseThreadInitThunk

TAppLoggingThread@=$11A01674_M00BA0000 ($10b4): <priority:1>
7721f8da +00e ntdll.dll                               NtWaitForSingleObject
75d615c8 +092 KERNELBASE.dll                          WaitForSingleObjectEx
74be118f +03e kernel32.dll                            WaitForSingleObjectEx
74be1143 +00d kernel32.dll                            WaitForSingleObject
00e20b01 +22d luaicp.dll     misc            4231 +52 TAppLoggingThread.Execute
00cd4e11 +049 luaicp.dll     System.Classes 14356 +21 ThreadProc
00bab3a0 +028 luaicp.dll     System         24003 +45 ThreadWrapper
74be3368 +010 kernel32.dll                            BaseThreadInitThunk

AsyncTexLoader#0 { TAsyncTexLoader@=$11A8C174:: luaicp.dll /ID=4936 } ($1348):
7721f8da +00e ntdll.dll                               NtWaitForSingleObject
75d615c8 +092 KERNELBASE.dll                          WaitForSingleObjectEx
74be118f +03e kernel32.dll                            WaitForSingleObjectEx
74be1143 +00d kernel32.dll                            WaitForSingleObject
00dfc30c +03c luaicp.dll     WThreads         561  +2 DbgWaitForSO
00dfebdb +047 luaicp.dll     WThreads        1279  +4 TWorkerThread.WaitRqsPosted
00e00209 +155 luaicp.dll     WThreads        1616 +25 TWorkerThread.WorkCycle
00dfedb0 +09c luaicp.dll     WThreads        1309 +18 TWorkerThread.OleExec
00dfd131 +2d9 luaicp.dll     WThreads         864 +57 TWorkerThread.Execute
00cd4e11 +049 luaicp.dll     System.Classes 14356 +21 ThreadProc
00bab3a0 +028 luaicp.dll     System         24003 +45 ThreadWrapper
74be3368 +010 kernel32.dll                            BaseThreadInitThunk

AsyncTexLoader#1 { TAsyncTexLoader@=$11A8C934:: luaicp.dll /ID=340 } ($154):
7721f8da +00e ntdll.dll                               NtWaitForSingleObject
75d615c8 +092 KERNELBASE.dll                          WaitForSingleObjectEx
74be118f +03e kernel32.dll                            WaitForSingleObjectEx
74be1143 +00d kernel32.dll                            WaitForSingleObject
00dfc30c +03c luaicp.dll     WThreads         561  +2 DbgWaitForSO
00dfebdb +047 luaicp.dll     WThreads        1279  +4 TWorkerThread.WaitRqsPosted
00e00209 +155 luaicp.dll     WThreads        1616 +25 TWorkerThread.WorkCycle
00dfedb0 +09c luaicp.dll     WThreads        1309 +18 TWorkerThread.OleExec
00dfd131 +2d9 luaicp.dll     WThreads         864 +57 TWorkerThread.Execute
00cd4e11 +049 luaicp.dll     System.Classes 14356 +21 ThreadProc
00bab3a0 +028 luaicp.dll     System         24003 +45 ThreadWrapper
74be3368 +010 kernel32.dll                            BaseThreadInitThunk

AsyncTexLoader#2 { TAsyncTexLoader@=$11A8B1F4:: luaicp.dll /ID=4480 } ($1180):
7721f8da +00e ntdll.dll                               NtWaitForSingleObject
75d615c8 +092 KERNELBASE.dll                          WaitForSingleObjectEx
74be118f +03e kernel32.dll                            WaitForSingleObjectEx
74be1143 +00d kernel32.dll                            WaitForSingleObject
00dfc30c +03c luaicp.dll     WThreads         561  +2 DbgWaitForSO
00dfebdb +047 luaicp.dll     WThreads        1279  +4 TWorkerThread.WaitRqsPosted
00e00209 +155 luaicp.dll     WThreads        1616 +25 TWorkerThread.WorkCycle
00dfedb0 +09c luaicp.dll     WThreads        1309 +18 TWorkerThread.OleExec
00dfd131 +2d9 luaicp.dll     WThreads         864 +57 TWorkerThread.Execute
00cd4e11 +049 luaicp.dll     System.Classes 14356 +21 ThreadProc
00bab3a0 +028 luaicp.dll     System         24003 +45 ThreadWrapper
74be3368 +010 kernel32.dll                            BaseThreadInitThunk

AsyncTexLoader#3 { TAsyncTexLoader@=$11A8B9B4:: luaicp.dll /ID=4308 } ($10d4):
7721f8da +00e ntdll.dll                               NtWaitForSingleObject
75d615c8 +092 KERNELBASE.dll                          WaitForSingleObjectEx
74be118f +03e kernel32.dll                            WaitForSingleObjectEx
74be1143 +00d kernel32.dll                            WaitForSingleObject
00dfc30c +03c luaicp.dll     WThreads         561  +2 DbgWaitForSO
00dfebdb +047 luaicp.dll     WThreads        1279  +4 TWorkerThread.WaitRqsPosted
00e00209 +155 luaicp.dll     WThreads        1616 +25 TWorkerThread.WorkCycle
00dfedb0 +09c luaicp.dll     WThreads        1309 +18 TWorkerThread.OleExec
00dfd131 +2d9 luaicp.dll     WThreads         864 +57 TWorkerThread.Execute
00cd4e11 +049 luaicp.dll     System.Classes 14356 +21 ThreadProc
00bab3a0 +028 luaicp.dll     System         24003 +45 ThreadWrapper
74be3368 +010 kernel32.dll                            BaseThreadInitThunk

AsyncTexLoader#4 { TAsyncTexLoader@=$11A8D0F4:: luaicp.dll /ID=3632 } ($e30):
7721f8da +00e ntdll.dll                               NtWaitForSingleObject
75d615c8 +092 KERNELBASE.dll                          WaitForSingleObjectEx
74be118f +03e kernel32.dll                            WaitForSingleObjectEx
74be1143 +00d kernel32.dll                            WaitForSingleObject
00dfc30c +03c luaicp.dll     WThreads         561  +2 DbgWaitForSO
00dfebdb +047 luaicp.dll     WThreads        1279  +4 TWorkerThread.WaitRqsPosted
00e00209 +155 luaicp.dll     WThreads        1616 +25 TWorkerThread.WorkCycle
00dfedb0 +09c luaicp.dll     WThreads        1309 +18 TWorkerThread.OleExec
00dfd131 +2d9 luaicp.dll     WThreads         864 +57 TWorkerThread.Execute
00cd4e11 +049 luaicp.dll     System.Classes 14356 +21 ThreadProc
00bab3a0 +028 luaicp.dll     System         24003 +45 ThreadWrapper
74be3368 +010 kernel32.dll                            BaseThreadInitThunk

AsyncTexLoader#5 { TAsyncTexLoader@=$11A8D8B4:: luaicp.dll /ID=3956 } ($f74):
7721f8da +00e ntdll.dll                               NtWaitForSingleObject
75d615c8 +092 KERNELBASE.dll                          WaitForSingleObjectEx
74be118f +03e kernel32.dll                            WaitForSingleObjectEx
74be1143 +00d kernel32.dll                            WaitForSingleObject
00dfc30c +03c luaicp.dll     WThreads         561  +2 DbgWaitForSO
00dfebdb +047 luaicp.dll     WThreads        1279  +4 TWorkerThread.WaitRqsPosted
00e00209 +155 luaicp.dll     WThreads        1616 +25 TWorkerThread.WorkCycle
00dfedb0 +09c luaicp.dll     WThreads        1309 +18 TWorkerThread.OleExec
00dfd131 +2d9 luaicp.dll     WThreads         864 +57 TWorkerThread.Execute
00cd4e11 +049 luaicp.dll     System.Classes 14356 +21 ThreadProc
00bab3a0 +028 luaicp.dll     System         24003 +45 ThreadWrapper
74be3368 +010 kernel32.dll                            BaseThreadInitThunk

AsyncTexLoader#6 { TAsyncTexLoader@=$11A8E074:: luaicp.dll /ID=2556 } ($9fc):
7721f8da +00e ntdll.dll                               NtWaitForSingleObject
75d615c8 +092 KERNELBASE.dll                          WaitForSingleObjectEx
74be118f +03e kernel32.dll                            WaitForSingleObjectEx
74be1143 +00d kernel32.dll                            WaitForSingleObject
00dfc30c +03c luaicp.dll     WThreads         561  +2 DbgWaitForSO
00dfebdb +047 luaicp.dll     WThreads        1279  +4 TWorkerThread.WaitRqsPosted
00e00209 +155 luaicp.dll     WThreads        1616 +25 TWorkerThread.WorkCycle
00dfedb0 +09c luaicp.dll     WThreads        1309 +18 TWorkerThread.OleExec
00dfd131 +2d9 luaicp.dll     WThreads         864 +57 TWorkerThread.Execute
00cd4e11 +049 luaicp.dll     System.Classes 14356 +21 ThreadProc
00bab3a0 +028 luaicp.dll     System         24003 +45 ThreadWrapper
74be3368 +010 kernel32.dll                            BaseThreadInitThunk

AsyncTexLoader#7 { TAsyncTexLoader@=$11A8E834:: luaicp.dll /ID=4072 } ($fe8):
7721f8da +00e ntdll.dll                               NtWaitForSingleObject
75d615c8 +092 KERNELBASE.dll                          WaitForSingleObjectEx
74be118f +03e kernel32.dll                            WaitForSingleObjectEx
74be1143 +00d kernel32.dll                            WaitForSingleObject
00dfc30c +03c luaicp.dll     WThreads         561  +2 DbgWaitForSO
00dfebdb +047 luaicp.dll     WThreads        1279  +4 TWorkerThread.WaitRqsPosted
00e00209 +155 luaicp.dll     WThreads        1616 +25 TWorkerThread.WorkCycle
00dfedb0 +09c luaicp.dll     WThreads        1309 +18 TWorkerThread.OleExec
00dfd131 +2d9 luaicp.dll     WThreads         864 +57 TWorkerThread.Execute
00cd4e11 +049 luaicp.dll     System.Classes 14356 +21 ThreadProc
00bab3a0 +028 luaicp.dll     System         24003 +45 ThreadWrapper
74be3368 +010 kernel32.dll                            BaseThreadInitThunk

late@09:36:53.634=3604 ($e14):
77221f4f +0b ntdll.dll     NtWaitForWorkViaWorkerFactory
74be3368 +10 kernel32.dll  BaseThreadInitThunk

late@09:36:53.635=3876 ($f24):
77221f4f +0b ntdll.dll     NtWaitForWorkViaWorkerFactory
74be3368 +10 kernel32.dll  BaseThreadInitThunk

late@09:36:53.940=4704 ($1260):
77221e27 +0b ntdll.dll     NtTraceControl
7725a029 +40 ntdll.dll     EtwpNotificationThread
74be3368 +10 kernel32.dll  BaseThreadInitThunk

late@09:36:53.941=4556 ($11cc):
77221f4f +0b ntdll.dll     NtWaitForWorkViaWorkerFactory
74be3368 +10 kernel32.dll  BaseThreadInitThunk

late@09:36:53.941=5032 ($13a8): <priority:15>
77220166 +0e ntdll.dll     NtWaitForMultipleObjects
74be3368 +10 kernel32.dll  BaseThreadInitThunk

late@09:36:54.418= 820 ($334): <priority:15>
77220166 +0e ntdll.dll       NtWaitForMultipleObjects
75d61714 +fa KERNELBASE.dll  WaitForMultipleObjectsEx
74be19f7 +89 kernel32.dll    WaitForMultipleObjectsEx
74be41d3 +13 kernel32.dll    WaitForMultipleObjects
74be3368 +10 kernel32.dll    BaseThreadInitThunk

late@09:36:54.419=4108 ($100c):
77220166 +0e ntdll.dll       NtWaitForMultipleObjects
75d61714 +fa KERNELBASE.dll  WaitForMultipleObjectsEx
74be19f7 +89 kernel32.dll    WaitForMultipleObjectsEx
74be3368 +10 kernel32.dll    BaseThreadInitThunk

late@09:36:54.429=3480 ($d98): <priority:15>
77220166 +0e ntdll.dll       NtWaitForMultipleObjects
75d61714 +fa KERNELBASE.dll  WaitForMultipleObjectsEx
74be19f7 +89 kernel32.dll    WaitForMultipleObjectsEx
74be41d3 +13 kernel32.dll    WaitForMultipleObjects
74be3368 +10 kernel32.dll    BaseThreadInitThunk

late@09:36:54.443=1364 ($554): <priority:-3>
77220166 +0e ntdll.dll       NtWaitForMultipleObjects
75d61714 +fa KERNELBASE.dll  WaitForMultipleObjectsEx
74be19f7 +89 kernel32.dll    WaitForMultipleObjectsEx
74be41d3 +13 kernel32.dll    WaitForMultipleObjects
74be3368 +10 kernel32.dll    BaseThreadInitThunk

late@09:36:54.469=3756 ($eac): <priority:2>
77220166 +0e ntdll.dll       NtWaitForMultipleObjects
75d61714 +fa KERNELBASE.dll  WaitForMultipleObjectsEx
74be19f7 +89 kernel32.dll    WaitForMultipleObjectsEx
74be3368 +10 kernel32.dll    BaseThreadInitThunk

late@09:36:54.544=3492 ($da4):
767ce725 +0e GDI32.dll     D3DKMTPresent
74be3368 +10 kernel32.dll  BaseThreadInitThunk

late@09:36:54.543=4628 ($1214):
7721f8da +0e ntdll.dll       NtWaitForSingleObject
75d615c8 +92 KERNELBASE.dll  WaitForSingleObjectEx
74be118f +3e kernel32.dll    WaitForSingleObjectEx
74be1143 +0d kernel32.dll    WaitForSingleObject
74be3368 +10 kernel32.dll    BaseThreadInitThunk

late@09:36:54.544=1592 ($638):
7721f8da +0e ntdll.dll       NtWaitForSingleObject
75d615c8 +92 KERNELBASE.dll  WaitForSingleObjectEx
74be118f +3e kernel32.dll    WaitForSingleObjectEx
74be1143 +0d kernel32.dll    WaitForSingleObject
74be3368 +10 kernel32.dll    BaseThreadInitThunk

late@09:36:54.551=4024 ($fb8):
77221f4f +0b ntdll.dll     NtWaitForWorkViaWorkerFactory
74be3368 +10 kernel32.dll  BaseThreadInitThunk

late@09:36:57.336=4656 ($1230): <priority:1>
7721f8da +0000e ntdll.dll                   NtWaitForSingleObject
7724ea8d +2c7bd ntdll.dll                   RtlEnterCriticalSection
029f9aa5 +00005 xrCore.dll                  xrSyncronize.obj
005231ca +0056a xr_3da.EXE                  device.obj
7726389d +000f4 ntdll.dll                   RtlUnwind
7722ecdf +00063 ntdll.dll                   bsearch
00e61400 +00070 luaicp.dll   XrayMM 634 +13 TDebugMemoryManager.FreeMem
62a256ce +00067 MSVCR120.dll                _except_handler3
029b5d98 +00028 xrCore.dll                  _math.obj
62a6c9f8 +0007c MSVCR120.dll                _endthread
74be3368 +00010 kernel32.dll                BaseThreadInitThunk

late@09:37:05.223=3420 ($d5c):
77221f4f +0b ntdll.dll     NtWaitForWorkViaWorkerFactory
74be3368 +10 kernel32.dll  BaseThreadInitThunk

modules:
003e0000 lgscroll.dll    4.80.103.0         C:\Program Files\Logitech\SetPoint\x86
00400000 xr_3da.EXE      1.7.0.5799         E:\Games\NLC7_2804_edit\bin
00ba0000 luaicp.dll      7.1.6564.3224      E:\Games\NLC7_2804_edit\bin
02970000 xrCore.dll                         E:\Games\NLC7_2804_edit\bin
05940000 Cm_Oal.dll      1.0.0.1            C:\Windows\system32
18af0000 xrGame.dll                         E:\Games\NLC7_2804_edit\bin
1a6d0000 wrap_oal.dll    2.2.0.5            C:\Windows\system32
60a00000 atiumdag.dll    7.14.10.911        C:\Windows\system32
612a0000 atiumdva.dll    8.14.10.359        C:\Windows\system32
61c20000 aticfx32.dll    8.17.10.1129       C:\Windows\system32
61d10000 d3d9.dll        6.1.7601.17514     C:\Windows\system32
61fb0000 atiu9pag.dll    8.14.1.6264        C:\Windows\system32
62040000 dsound.dll      6.1.7600.16385     C:\Windows\System32
620c0000 xrRender_R2.dll                    E:\Games\NLC7_2804_edit\bin
621d0000 d3d8thk.dll     6.1.7600.16385     C:\Windows\system32
621e0000 midimap.dll     6.1.7600.16385     C:\Windows\system32
621f0000 msacm32.drv     6.1.7600.16385     C:\Windows\system32
62200000 wdmaud.drv      6.1.7601.17514     C:\Windows\system32
62230000 ODE.dll                            E:\Games\NLC7_2804_edit\bin
62280000 xrXMLParser.dll                    E:\Games\NLC7_2804_edit\bin
622a0000 AVRT.dll        6.1.7600.16385     C:\Windows\system32
622b0000 ksuser.dll      6.1.7601.19091     C:\Windows\system32
622c0000 xrParticles.dll                    E:\Games\NLC7_2804_edit\bin
622e0000 d3dx9_35.dll    9.19.949.1104      C:\Windows\system32
62690000 DINPUT8.dll     6.1.7600.16385     C:\Windows\system32
626c0000 xrSound.dll                        E:\Games\NLC7_2804_edit\bin
62700000 xrCPU_Pipe.dll                     E:\Games\NLC7_2804_edit\bin
62710000 OpenAL32.dll    6.14.357.21        E:\Games\NLC7_2804_edit\bin
62740000 xrNetServer.dll                    E:\Games\NLC7_2804_edit\bin
62770000 xrCDB.dll                          E:\Games\NLC7_2804_edit\bin
62790000 xrAPI.dll                          E:\Games\NLC7_2804_edit\bin
627a0000 MSVFW32.dll     6.1.7601.17514     C:\Windows\system32
627d0000 luabind.dll                        E:\Games\NLC7_2804_edit\bin
627f0000 AVIFIL32.dll    6.1.7601.17514     C:\Windows\system32
62810000 FaultRep.dll    6.1.7601.17514     C:\Windows\system32
62870000 AcLayers.DLL    6.1.7601.17514     C:\Windows\AppPatch
62900000 EasyECDSA.dll                      E:\Games\NLC7_2804_edit\bin
629f0000 MSVCR120.dll    12.0.21005.1       C:\Windows\system32
62ae0000 MSVCP120.dll    12.0.21005.1       C:\Windows\system32
62b60000 lua5.1.dll                         E:\Games\NLC7_2804_edit\bin
62ba0000 PowrProf.dll    6.1.7600.16385     C:\Windows\system32
62bd0000 LZ4.dll                            E:\Games\NLC7_2804_edit\bin
62ec0000 SHFolder.dll    6.1.7600.16385     C:\Windows\system32
66240000 SXS.DLL         6.1.7601.17514     C:\Windows\system32
71550000 MSVCR80.dll     8.0.50727.6195     C:\Windows\WinSxS\x86_microsoft.vc80.crt_1fc8b3b9a1e18e3b_8.0.50727.6195_none_d09154e044272b9a
717b0000 AUDIOSES.DLL    6.1.7601.18741     C:\Windows\system32
71840000 MMDevApi.dll    6.1.7601.17514     C:\Windows\System32
718c0000 PROPSYS.dll     7.0.7601.17514     C:\Windows\System32
71ce0000 comctl32.dll    5.82.7601.18837    C:\Windows\WinSxS\x86_microsoft.windows.common-controls_6595b64144ccf1df_5.82.7601.18837_none_ec86b8d6858ec0bc
723d0000 HID.DLL         6.1.7600.16385     C:\Windows\system32
72560000 dwmapi.dll      6.1.7600.16385     C:\Windows\system32
725a0000 MSACM32.dll     6.1.7600.16385     C:\Windows\system32
725d0000 uxtheme.dll     6.1.7600.16385     C:\Windows\system32
72870000 apphelp.dll     6.1.7601.17514     C:\Windows\system32
728c0000 winmm.dll       6.1.7601.17514     C:\Windows\system32
72900000 winspool.drv    6.1.7601.17514     C:\Windows\system32
72960000 comctl32.dll    6.10.7601.18837    C:\Windows\WinSxS\x86_microsoft.windows.common-controls_6595b64144ccf1df_6.0.7601.18837_none_41e855142bd5705d
72c20000 ntmarta.dll     6.1.7600.16385     C:\Windows\system32
72ee0000 wsock32.dll     6.1.7600.16385     C:\Windows\system32
72ff0000 MPR.dll         6.1.7600.16385     C:\Windows\system32
73020000 version.dll     6.1.7600.16385     C:\Windows\system32
73340000 dbghelp.dll     6.1.7601.17514     C:\Windows\system32
74b60000 CRYPTBASE.dll   6.1.7601.23677     C:\Windows\syswow64
74b70000 SspiCli.dll     6.1.7601.23677     C:\Windows\syswow64
74bd0000 kernel32.dll    6.1.7601.23677     C:\Windows\syswow64
74ce0000 profapi.dll     6.1.7600.16385     C:\Windows\syswow64
74cf0000 DEVOBJ.dll      6.1.7601.17621     C:\Windows\syswow64
74d10000 WINTRUST.dll    6.1.7601.18741     C:\Windows\syswow64
74d40000 WS2_32.dll      6.1.7601.17514     C:\Windows\syswow64
74d80000 WLDAP32.dll     6.1.7601.17514     C:\Windows\syswow64
74ff0000 SHELL32.dll     6.1.7601.18952     C:\Windows\syswow64
75c50000 USER32.dll      6.1.7601.19061     C:\Windows\syswow64
75d50000 KERNELBASE.dll  6.1.7601.23677     C:\Windows\syswow64
75ef0000 CLBCatQ.DLL     2001.12.8530.16385 C:\Windows\syswow64
75f80000 RPCRT4.dll      6.1.7601.23677     C:\Windows\syswow64
76070000 ole32.dll       6.1.7601.19131     C:\Windows\syswow64
761d0000 SHLWAPI.dll     6.1.7601.17514     C:\Windows\syswow64
76230000 USERENV.dll     6.1.7601.17514     C:\Windows\syswow64
76530000 NSI.dll         6.1.7600.16385     C:\Windows\syswow64
76540000 MSCTF.dll       6.1.7601.18731     C:\Windows\syswow64
76610000 CFGMGR32.dll    6.1.7601.17621     C:\Windows\syswow64
76670000 ADVAPI32.dll    6.1.7601.23677     C:\Windows\syswow64
76720000 comdlg32.dll    6.1.7601.17514     C:\Windows\syswow64
767a0000 GDI32.dll       6.1.7601.23688     C:\Windows\syswow64
76830000 CRYPT32.dll     6.1.7601.18741     C:\Windows\syswow64
76980000 MSASN1.dll      6.1.7601.17514     C:\Windows\syswow64
76990000 oleaut32.dll    6.1.7601.19144     C:\Windows\syswow64
76a20000 SETUPAPI.dll    6.1.7601.17514     C:\Windows\syswow64
76c20000 sechost.dll     6.1.7600.16385     C:\Windows\SysWOW64
76c50000 IMM32.DLL       6.1.7601.17514     C:\Windows\system32
76cb0000 USP10.dll       1.626.7601.23688   C:\Windows\syswow64
76d50000 msvcrt.dll      7.0.7601.17744     C:\Windows\syswow64
771d0000 LPK.dll         6.1.7601.19146     C:\Windows\syswow64
77200000 ntdll.dll       6.1.7601.23677     C:\Windows\SysWOW64

processes:
0000 Idle                       0 0   0
0004 System                     0 0   0
00f4 smss.exe                   0 0   0
0180 csrss.exe                  0 0   0
01c4 wininit.exe                0 0   0
01d8 csrss.exe                  1 0   0
01f8 services.exe               0 0   0
0210 lsass.exe                  0 0   0
0218 lsm.exe                    0 0   0
02a8 winlogon.exe               1 0   0
02c4 svchost.exe                0 0   0
0320 svchost.exe                0 0   0
0354 atiesrxx.exe               0 0   0
03b4 svchost.exe                0 0   0
03d8 svchost.exe                0 0   0
014c svchost.exe                0 0   0
0160 svchost.exe                0 0   0
041c atieclxx.exe               1 0   0
0434 svchost.exe                0 0   0
04b0 sched.exe                  0 0   0
04f0 taskhost.exe               1 24  21  normal
0540 dwm.exe                    1 18  2   high
054c svchost.exe                0 0   0
0564 explorer.exe               1 444 248 normal
06c4 hf.exe                     1 213 237 normal       C:\Program Files\Hide Folders 2009
06e4 SetPoint.exe               1 62  66  normal
0758 AsusAudioCenter.exe        1 260 169 normal       C:\Program Files\ASUS Xonar DG Audio\Customapp
0784 MOM.exe                    1 9   9   normal
07a8 SetPoint32.exe             1 15  11  normal       C:\Program Files\Logitech\SetPoint\x86
07d4 KHALMNPR.exe               1 9   19  normal
0690 avguard.exe                0 0   0
063c PowerNap.Service.exe       0 0   0
0654 CCC.exe                    1 61  45  normal
06f8 fsproflt.exe               0 0   0
08b4 PowerNapWatcher.exe        1 29  17  normal
08d4 nlssrv32.exe               0 0   0
08f4 softOSD.exe                0 0   0
0944 softLCP.exe                1 12  5   normal       C:\Windows\SysWOW64
09ac sqlwriter.exe              0 0   0
09d8 Avira.ServiceHost.exe      0 0   0
0bb8 avshadow.exe               0 0   0
0b2c svchost.exe                0 0   0
0c54 avgnt.exe                  1 77  48  below normal C:\Program Files (x86)\Avira\AntiVir Desktop
0cdc Avira.Systray.exe          1 40  50  normal       C:\Program Files (x86)\Avira\Launcher
0d64 PresentationFontCache.exe  0 0   0
0cc8 TotalCommanderPortable.exe 1 12  4   normal       E:\Program Files\TotalCommanderPortable
0868 TOTALCMD64.EXE             1 413 291 normal
0694 thebat64.exe               1 900 215 normal
08ac WUDFHost.exe               0 0   0
0704 WmiPrvSE.exe               0 0   0
101c sublime_text.exe           1 37  108 normal
12f4 plugin_host.exe            1 4   1   normal
108c notepad++.exe              1 281 228 normal
0b38 audiodg.exe                0 0   0
0fd4 launch.exe                 1 72  57  normal       E:\Games\NLC7_2804_edit\bin
13a0 conhost.exe                1 30  14  normal
0e04 xr_3da.EXE                 1 37  43  normal       E:\Games\NLC7_2804_edit\bin
12f8 conhost.exe                1 31  10  normal

hardware:
+ Computer
  - ACPI x64-based PC
+ Disk drives
  - WDC WD10EADS-00M2B0 ATA Device
  - WDC WD6400AAKS-65A7B0 ATA Device
+ Display adapters
  - ATI Radeon HD 4800 Series (driver 8.970.100.1100)
+ DriverInterface
  - Logitech Driver Interface (driver 4.82.4.0)
+ DVD/CD-ROM drives
  - DTSoftBusCd00
  - TYBQJ 5YB092NG SCSI CdRom Device
+ Floppy disk drives
  - Floppy disk drive
+ Floppy drive controllers
  - Standard floppy disk controller
+ Human Interface Devices
  - HID-compliant consumer control device
  - HID-compliant device
  - HID-compliant device
  - HID-compliant device
  - USB Input Device
  - USB Input Device
  - USB Input Device
  - USB Input Device
+ IDE ATA/ATAPI controllers
  - ATA Channel 0
  - ATA Channel 0
  - ATA Channel 0
  - ATA Channel 1
  - ATA Channel 1
  - ATA Channel 1
  - Standard Dual Channel PCI IDE Controller
  - Standard Dual Channel PCI IDE Controller
  - Standard Dual Channel PCI IDE Controller
+ IEEE 1394 Bus host controllers
  - Texas Instruments 1394 OHCI Compliant Host Controller
+ Keyboards
  - Logitech HID-Compliant Keyboard (driver 4.82.4.0)
+ Mice and other pointing devices
  - Logitech HID-compliant G5 Laser Mouse (driver 4.82.4.0)
+ Modems
  - SAMSUNG Mobile USB Modem (driver 2.9.507.0)
+ Monitors
  - Dell U2412M(Digital) (driver 1.0.0.0)
+ Network adapters
  - Microsoft ISATAP Adapter
  - Microsoft ISATAP Adapter #2
  - Realtek RTL8168C(P)/8111C(P) Family PCI-E Gigabit Ethernet NIC (NDIS 6.20)
  - WAN Miniport (IKEv2)
  - WAN Miniport (IP)
  - WAN Miniport (IPv6)
  - WAN Miniport (L2TP)
  - WAN Miniport (Network Monitor)
  - WAN Miniport (PPPOE)
  - WAN Miniport (PPTP)
  - WAN Miniport (SSTP)
+ Portable Devices
  - GT-I9100
+ Ports (COM & LPT)
  - Communications Port (COM1)
  - Printer Port (LPT1)
+ Processors
  - Intel(R) Core(TM)2 Duo CPU     E8500  @ 3.16GHz
  - Intel(R) Core(TM)2 Duo CPU     E8500  @ 3.16GHz
+ Sound, video and game controllers
  - AMD High Definition Audio Device (driver 7.12.0.7708)
  - ASUS Xonar DG Audio Device (driver 7.0.8.1821)
  - Realtek High Definition Audio (driver 6.0.1.5911)
+ Storage controllers
  - AWSHU56Z IDE Controller
+ System devices
  - ACPI Fixed Feature Button
  - ACPI Power Button
  - Composite Bus Enumerator
  - DAEMON Tools Virtual Bus Driver (driver 4.40.1.208)
  - Direct memory access controller
  - Extended IO Bus
  - File as Volume Driver
  - High Definition Audio Controller
  - High Definition Audio Controller
  - High precision event timer
  - Intel(R) 4 Series Chipset PCI Express Root Port - 2E21
  - Intel(R) 4 Series Chipset Processor to I/O Controller - 2E20
  - Intel(R) 82801 PCI Bridge - 244E
  - Intel(R) 82802 Firmware Hub Device
  - Intel(R) ICH10 Family PCI Express Root Port 1 - 3A40
  - Intel(R) ICH10 Family PCI Express Root Port 4 - 3A46
  - Intel(R) ICH10 Family PCI Express Root Port 6 - 3A4A
  - Intel(R) ICH10 Family SMBus Controller - 3A30
  - Intel(R) ICH10 LPC Interface Controller - 3A18
  - Microsoft ACPI-Compliant System
  - Microsoft System Management BIOS Driver
  - Microsoft Virtual Drive Enumerator Driver
  - Motherboard resources
  - Motherboard resources
  - Motherboard resources
  - Numeric data processor
  - PCI bus
  - Plug and Play Software Device Enumerator
  - Printer Port Logical Interface
  - Programmable interrupt controller
  - Remote Desktop Device Redirector Bus
  - System board
  - System CMOS/real time clock
  - System speaker
  - System timer
  - Terminal Server Keyboard Driver
  - Terminal Server Mouse Driver
  - UMBus Root Bus Enumerator
  - Volume Manager
+ Universal Serial Bus controllers
  - Intel(R) ICH10 Family USB Enhanced Host Controller - 3A3A
  - Intel(R) ICH10 Family USB Enhanced Host Controller - 3A3C
  - Intel(R) ICH10 Family USB Universal Host Controller - 3A34
  - Intel(R) ICH10 Family USB Universal Host Controller - 3A35
  - Intel(R) ICH10 Family USB Universal Host Controller - 3A36
  - Intel(R) ICH10 Family USB Universal Host Controller - 3A37
  - Intel(R) ICH10 Family USB Universal Host Controller - 3A38
  - Intel(R) ICH10 Family USB Universal Host Controller - 3A39
  - SAMSUNG Mobile USB Composite Device  (driver 2.9.507.0)
  - USB Composite Device
  - USB Composite Device
  - USB Root Hub
  - USB Root Hub
  - USB Root Hub
  - USB Root Hub
  - USB Root Hub
  - USB Root Hub
  - USB Root Hub
  - USB Root Hub

cpu registers:
eax = 00000001
ebx = 00000009
ecx = 02105521
edx = 00000000
esi = 00000025
edi = 00000004
eip = 00bf8985
esp = 13b5f2cc
ebp = 000007e3

stack dump:
13b5f2cc  00 00 00 00 00 00 00 00 - 03 00 00 00 e8 43 65 60  .............Ce`
13b5f2dc  e3 a5 d9 3f 4c f3 b5 13 - a4 8d bf 00 21 03 00 00  ...?L.......!...
13b5f2ec  f6 b0 c8 01 08 f3 b5 13 - e2 07 0c 00 04 00 14 00  ................
13b5f2fc  09 00 25 00 04 00 21 03 - 00 00 00 00 c0 37 e5 40  ..%...!......7.@
13b5f30c  9c 07 e6 00 1c f3 b5 13 - 0c aa ba 00 4c f3 b5 13  ............L...
13b5f31c  8c f3 b5 13 0c aa ba 00 - 4c f3 b5 13 00 00 00 00  ........L.......
13b5f32c  00 00 00 00 f7 07 e6 00 - 01 00 00 00 f6 b0 c8 01  ................
13b5f33c  fa 00 00 00 30 53 0d 34 - 30 53 0d 34 e6 00 00 00  ....0S.40S.4....
13b5f34c  b4 f6 b5 13 2a 6d ba 00 - 57 b4 ba 00 6c 00 00 00  ....*m..W...l...
13b5f35c  ea c7 ba 00 00 00 00 00 - 70 f6 b5 13 03 00 00 00  ........p.......
13b5f36c  80 f3 b5 13 00 00 00 00 - b4 d9 e0 00 b4 d9 e0 00  ................
13b5f37c  42 54 e1 00 50 52 0d 34 - 24 5a e1 00 70 1b 9d 29  BT..PR.4$Z..p..)
13b5f38c  98 f3 b5 13 64 a9 ba 00 - b4 f6 b5 13 a4 f3 b5 13  ....d...........
13b5f39c  69 56 e1 00 b4 f6 b5 13 - bc f6 b5 13 b3 56 e1 00  iV...........V..
13b5f3ac  b4 f6 b5 13 00 00 00 00 - 94 fb df 00 98 49 e0 00  .............I..
13b5f3bc  00 00 00 00 00 00 00 00 - 60 1c 9d 29 00 4f c1 29  ........`..).O.)
13b5f3cc  a0 1b 9d 29 38 4f c1 29 - 30 e7 e2 33 20 56 17 34  ...)8O.)0..3 V.4
13b5f3dc  30 35 81 29 50 51 0d 34 - 00 00 00 00 00 00 00 00  05.)PQ.4........
13b5f3ec  00 00 00 00 00 00 00 00 - 00 00 00 00 00 00 00 00  ................
13b5f3fc  00 00 00 00 00 00 00 00 - e0 e5 f3 33 c8 56 17 34  ...........3.V.4

disassembling:
[...]
00bf8972         call    -$9b ($bf88dc)         ; System.SysUtils.TryEncodeTime
00bf8977         test    al, al
00bf8979         jnz     loc_bf8985
00bf897b 18663   mov     eax, [$eef300]
00bf8980         call    -$4261 ($bf4724)       ; System.SysUtils.ConvertError
00bf8985 18664 > fld     qword ptr [ebp-8]
00bf8988         pop     edi
00bf8989         pop     esi
00bf898a         pop     ebx
00bf898b         pop     ecx
00bf898c         pop     ecx
[...]

