[prefetch]
        actors\2018\trader               = 0.476
        actors\act_arny                  = 0.469
        actors\act_demian                = 0.004
        actors\act_devil                 = 0.028
        actors\act_fraer                 = -0.051
        actors\act_grey                  = 0.003
        actors\act_lisaped               = 0.546
        actors\act_vergas                = 0.507
        actors\act_wolf                  = -0.042
        actors\bandit\stalker_bandit_2   = -0.009
        actors\bandit\stalker_bandit_3   = 0.030
        actors\bandit\stalker_bandit_4   = -0.004
        actors\bandit\stalker_bandit_5   = 0.078
        actors\bandit\stalker_bandit_8   = 0.011
        actors\bandit\stalker_bandit_borov = 0.022
        actors\bandit\stalker_bandit_master = 0.027
        actors\bandit\stalker_bandit_veteran = 0.516
        actors\barman\barman             = 0.453
        actors\boroda                    = -0.020
        actors\clear_sky_1               = 0.262
        actors\clear_sky_3               = 0.004
        actors\corpses\dead_neytral_st2  = 0.048
        actors\corpses\green_stalker_1_stage2 = -0.014
        actors\corpses\green_stalker_1_stage3 = 0.027
        actors\dolg\act_dolg_black       = -0.051
        actors\dolg\stalker_do_antigas   = 1.000000
        actors\dolg\stalker_do_balon_1   = 1.000000
        actors\dolg\stalker_do_balon_3   = 0.482
        actors\dolg\stalker_do_balon_4   = 0.020
        actors\dolg\stalker_do_balon_5   = 0.486
        actors\dolg\stalker_do_balon_8   = 1.000000
        actors\dolg\stalker_do_exoskeleton = 0.503
        actors\dolg\stalker_do_komandir  = 0.497
        actors\dolg\stalker_do_mask      = 1.000000
        actors\dolg\stalker_do_mask_1    = 1.000000
        actors\dolg\stalker_do_nauchniy  = 0.519
        actors\ecolog\nauchniy_2         = 0.016
        actors\ecolog\nauchniy_5         = -0.045
        actors\ecolog\stalker_ecolog     = -0.007
        actors\ecolog\stalker_ecolog_military = 0.005
        actors\ecolog\stalker_ecolog_olddead = -0.017
        actors\exo\act_dolg_exo_1        = 0.535
        actors\exo\act_neitral_exo_1     = 0.540
        actors\exo\act_neitral_exo_2     = -0.015
        actors\exo\act_svoboda_exo_1     = 0.015
        actors\exo\act_svoboda_exo_2     = 0.031
        actors\hero\stalker_chemical     = -0.006
        actors\hero\stalker_hood         = 0.476
        actors\hero\stalker_novice       = 0.495
        actors\hunters\hunter1           = 0.508
        actors\hunters\hunter_dan        = 0.505
        actors\ioga                      = 0.270
        actors\izgoy\izgoy               = -0.034
        actors\killer\stalker_ki_antigas = -0.040
        actors\killer\stalker_ki_exoskeleton = 0.227
        actors\killer\stalker_ki_head_1  = 0.047
        actors\killer\stalker_ki_head_2  = -0.029
        actors\killer\stalker_ki_informator = 0.065
        actors\killer\stalker_ki_mask    = 0.066
        actors\killer\stalker_ki_nauchniy = 0.082
        actors\med_tremor                = 0.520
        actors\militari\stalker_militari_2 = -0.018
        actors\monolit\stalker_mo_hood_9 = 0.022
        actors\monolit\stalker_mo_nauchniy = 0.543
        actors\neytral\marsh_cook        = 0.000
        actors\neytral\stalker_bar_security = 1.000000
        actors\neytral\stalker_ne_exoskeleton = 0.536
        actors\neytral\stalker_neytral_balon_4 = 0.462
        actors\neytral\stalker_neytral_balon_8 = 0.531
        actors\neytral\stalker_neytral_exoskeleton = 0.024
        actors\neytral\stalker_neytral_hood_2 = 0.495
        actors\neytral\stalker_neytral_hood_8 = 0.475
        actors\neytral\stalker_neytral_hood_9 = 1.000000
        actors\neytral\stalker_neytral_hood_uzor = 0.495
        actors\neytral\stalker_neytral_nauchniy = 0.026
        actors\neytral\stalker_neytral_rukzak_1 = 0.008
        actors\neytral\stalker_neytral_rukzak_2 = 0.495
        actors\neytral\stalker_neytral_rukzak_3 = 0.458
        actors\neytral\stalker_neytral_rukzak_9 = -0.001
        actors\novice\green_stalker_1    = 0.544
        actors\novice\green_stalker_11   = 0.535
        actors\novice\green_stalker_2    = 0.548
        actors\novice\green_stalker_3    = 0.532
        actors\novice\green_stalker_4    = 0.500
        actors\novice\green_stalker_5    = 0.505
        actors\novice\green_stalker_8    = 0.064
        actors\novice\green_stalker_antigas = 0.516
        actors\soldier\soldier_bandana   = 0.539
        actors\soldier\soldier_bandana_1 = 0.480
        actors\soldier\soldier_bandana_2 = 0.515
        actors\soldier\soldier_bandana_3 = 0.042
        actors\soldier\soldier_bandana_4 = 0.465
        actors\soldier\soldier_bandana_5 = 0.523
        actors\soldier\soldier_bandana_6 = 0.007
        actors\soldier\soldier_beret_1   = 0.498
        actors\soldier\soldier_beret_3   = -0.047
        actors\soldier\soldier_mask      = 0.009
        actors\soldier\soldier_obichniy  = 0.499
        actors\soldier\soldier_spetsnaz  = -0.029
        actors\soldier\stalker_military_black = -0.005
        actors\soldier\stalker_military_green = -0.031
        actors\stalker_bandit_sultan     = 0.477
        actors\stalker_boryan            = 0.035
        actors\stalker_mongol            = 0.073
        actors\stalker_nebo\stalker_nebo_2 = -0.026
        actors\stalker_nebo\stalker_nebo_2_face_4 = 0.018
        actors\stalker_nebo\stalker_nebo_3 = -0.023
        actors\stalker_zombi\stalker_zombie2 = 0.049
        actors\stalker_zombi\stalker_zombie3 = -0.006
        actors\stalker_zombi\stalker_zombie5 = 0.075
        actors\stalker_zombi\zombie_exoskeleton = -0.016
        actors\stepanych                 = 0.054
        actors\svoboda\stalker_sv_balon_1 = -0.005
        actors\svoboda\stalker_sv_cook   = -0.060
        actors\svoboda\stalker_sv_exoskeleton = 0.015
        actors\svoboda\stalker_sv_hood_9 = 0.047
        actors\svoboda\stalker_sv_leader = 0.035
        actors\svoboda\stalker_sv_max    = 0.020
        actors\svoboda\stalker_sv_minigamer = 0.021
        actors\svoboda\stalker_sv_nauchniy = -0.021
        actors\svoboda\stalker_sv_rukzak_1 = -0.031
        actors\svoboda\stalker_sv_rukzak_1_1 = 0.066
        actors\svoboda\stalker_sv_rukzak_2 = 0.025
        actors\svoboda\stalker_sv_rukzak_3 = 0.017
        actors\svoboda\stalker_sv_rukzak_3_1 = 0.018
        actors\sych                      = 0.519
        actors\trader\marsh_trader       = 0.018
        actors\trader\trader             = 0.486
        actors\trader\trader2            = -0.012
        actors\ucheniy\ucheniy_1         = -0.067
        actors\ucheniy\ucheniy_2         = -0.030
        actors\ucheniy\ucheniy_3         = 0.520
        actors\ucheniy\ucheniy_4         = 0.491
        actors\vasilev                   = -0.024
        amk\amk_ballon                   = 0.508
        amk\box_drop                     = -0.008
        amk\door_trader                  = 0.502
        amk\flame_prt_gorelka            = 0.208
        amk\flame_prt_manometr           = -0.018
        amk\flame_prt_trubka             = 0.530
        amk\item_zapiska                 = 1.000000
        amk\item_zapiska_bar             = 0.470
        amk\item_zapiska_esc             = 0.452
        amk\item_zapiska_mar             = -0.037
        amk\kulinar                      = 0.003
        amk\wpn_flame                    = 0.056
        amk\wpn_flame_brk                = 0.535
        amk\wpn_flame_hud                = 0.077
        dinamics\artefacts\af_baloon     = 0.499
        dinamics\artefacts\af_cristall_flower_new = 0.462
        dinamics\artefacts\af_dummy_dummy_new = 0.017
        dinamics\artefacts\af_electra_moonlight_new = 0.465
        dinamics\artefacts\af_eye        = 0.507
        dinamics\artefacts\af_fire       = 0.505
        dinamics\artefacts\af_glass      = 0.025
        dinamics\artefacts\af_ice        = 0.539
        dinamics\artefacts\af_soul_new   = 0.224
        dinamics\artefacts\amk_chelust   = 0.005
        dynamics\balon\balon_01          = -0.016
        dynamics\balon\balon_02a         = -0.004
        dynamics\balon\bidon             = -0.045
        dynamics\balon\bochka_close_1    = 0.050
        dynamics\balon\bochka_close_2    = -0.062
        dynamics\balon\bochka_close_3    = -0.014
        dynamics\balon\bochka_close_4    = 0.018
        dynamics\balon\bochka_fuel       = 0.010
        dynamics\balon\kanistra          = 0.020
        dynamics\box\box_1a              = -0.048
        dynamics\box\box_1c              = 0.001
        dynamics\box\box_bottle_1        = 0.011
        dynamics\box\box_paper           = 0.007
        dynamics\box\part\box_wood_01_part_1 = -0.005
        dynamics\box\part\box_wood_01_part_2 = -0.029
        dynamics\box\part\box_wood_01_part_3 = 0.017
        dynamics\box\part\box_wood_01_part_4 = -0.014
        dynamics\box\part\box_wood_01_part_5 = -0.012
        dynamics\box\part\box_wood_01_part_6 = 0.041
        dynamics\box\part\box_wood_01_part_7 = -0.003
        dynamics\devices\dev_bred\dev_bred = -0.001
        dynamics\devices\dev_conserv\dev_conserv = 0.007
        dynamics\devices\dev_drink_stalker\dev_drink_stalker = 0.006
        dynamics\devices\dev_fmradio\dev_fmradio = 0.022
        dynamics\devices\dev_rukzak\dev_rukzak = 0.082
        dynamics\devices\dev_vodka\dev_vodka = -0.059
        dynamics\door\box_wooden_01_door = -0.010
        dynamics\door\cabinet_village_140x210_ph_door_l = -0.029
        dynamics\door\cabinet_village_140x210_ph_door_r = -0.009
        dynamics\door\door_metal_145_230_01 = 0.022
        dynamics\door\door_wood_100x190_01 = 0.017
        dynamics\door\gate_red_forest_01_l = 0.049
        dynamics\door\gate_red_forest_01_r = 0.013
        dynamics\door\shelf_metal_160x200_door_l = -0.004
        dynamics\door\shelf_metal_160x200_door_r = -0.018
        dynamics\door\shkaf_work_01_door = -0.044
        dynamics\door\stol_8a_ph_door    = 0.020
        dynamics\el_tehnika\komp_blok    = 0.051
        dynamics\el_tehnika\komp_klava   = -0.004
        dynamics\el_tehnika\komp_monitor = 0.051
        dynamics\el_tehnika\komp_monitor_screen_1 = -0.001
        dynamics\el_tehnika\lab_primary_switcher = -0.062
        dynamics\el_tehnika\notebook     = 0.035
        dynamics\el_tehnika\priemnik_gorizont = 0.016
        dynamics\el_tehnika\table_lamp_01 = -0.004
        dynamics\el_tehnika\transiver    = -0.025
        dynamics\el_tehnika\ventilator_01 = 0.052
        dynamics\equipment_cache\equipment_hatch_02_case = 0.027
        dynamics\equipment_cache\equipment_rucksack_01_case = -0.058
        dynamics\equipment_cache\equipment_seif_03_case = 0.021
        dynamics\equipment_cache\equipment_small_case = 0.004
        dynamics\equipments\documents_3  = 0.073
        dynamics\equipments\documents_8  = -0.040
        dynamics\fence\wooden_board_01   = -0.005
        dynamics\fence\wooden_board_02   = -0.066
        dynamics\firestation\fire_vedro  = -0.038
        dynamics\firestation\ognetushitel = -0.054
        dynamics\kitchen_room\curtains   = -0.007
        dynamics\kitchen_room\freezer    = 0.028
        dynamics\kitchen_room\kitchen_kastrula = -0.004
        dynamics\kitchen_room\kitchen_krujka = -0.047
        dynamics\kitchen_room\kitchen_lojka = -0.015
        dynamics\kitchen_room\kitchen_tarelka1 = -0.070
        dynamics\kitchen_room\kitchen_tarelka2 = 0.051
        dynamics\kitchen_room\teapot_1   = 0.015
        dynamics\light\light_abajour_2_lowrez = 0.018
        dynamics\light\light_abajour_2_lowrez_noflare = 0.018
        dynamics\light\light_alarm_glass = -0.027
        dynamics\light\light_white_glass = 0.012
        dynamics\light\projector         = 0.005
        dynamics\light\projector_yan     = -0.049
        dynamics\scene_objects\part\crane_plita = -0.040
        dynamics\scene_objects\red_forest\red_forest_bridge_01_engine = 0.063
        dynamics\workshop_room\banka_kraski_1 = 0.039
        dynamics\workshop_room\kanistra_02 = -0.006
        dynamics\workshop_room\lopata    = 0.478
        dynamics\workshop_room\vedro_01  = 0.028
        equipments\bandit_black_suit     = 0.033
        equipments\bandit_brown_suit     = 0.010
        equipments\bandit_suit           = 0.522
        equipments\clocki                = 0.505
        equipments\cs_heavy_outfit       = 0.006
        equipments\cs_light_outfit       = 0.518
        equipments\detector_1            = 0.461
        equipments\detector_2            = 0.472
        equipments\disel_generator       = 0.452
        equipments\dolg_suit             = 0.509
        equipments\drink_nonstop         = 1.000000
        equipments\drink_nonstop_old     = 0.541
        equipments\drink_stalker         = 1.000000
        equipments\ecolog_suit           = 0.018
        equipments\exoskelet             = 0.005
        equipments\exoskelet_do_skunk    = -0.066
        equipments\exoskelet_ki_skunk    = 0.488
        equipments\exoskelet_mo_skunk    = -0.014
        equipments\exoskelet_ne_skunk    = -0.036
        equipments\exoskelet_sv_skunk    = 0.482
        equipments\instrument_box        = 0.044
        equipments\item_antirad          = 1.000000
        equipments\item_aptechka         = 1.000000
        equipments\item_aptechka2        = 1.000000
        equipments\item_aptechka3        = 0.545
        equipments\item_bandage          = 1.000000
        equipments\item_boar_leg         = 0.531
        equipments\item_box_01           = -0.001
        equipments\item_burer_hand       = 0.001
        equipments\item_datchik1         = 0.460
        equipments\item_datchik2         = -0.033
        equipments\item_datchik3         = 0.039
        equipments\item_decoder          = -0.025
        equipments\item_delp1            = 0.506
        equipments\item_delp2            = 0.547
        equipments\item_delp3            = 0.529
        equipments\item_delp4            = 0.047
        equipments\item_delp5            = 0.514
        equipments\item_delp6            = 0.490
        equipments\item_delp7            = 0.463
        equipments\item_delp8            = 0.548
        equipments\item_delp9            = 0.506
        equipments\item_document_1       = -0.021
        equipments\item_document_sid     = 0.511
        equipments\item_dog_tail         = 0.463
        equipments\item_flesh_eye        = 0.505
        equipments\item_fmradio          = 0.492
        equipments\item_guitar           = 1.000000
        equipments\item_harmonica        = 0.469
        equipments\item_klava            = 0.497
        equipments\item_krovosos_jaw     = -0.011
        equipments\item_merger           = 1.000000
        equipments\item_minipda          = 0.519
        equipments\item_notebook         = 0.540
        equipments\item_pda              = 1.000000
        equipments\item_plannik          = 0.020
        equipments\item_psevdodog_tail   = 0.476
        equipments\item_rukzak           = 1.000000
        equipments\item_snork_leg        = 0.550
        equipments\item_transiver        = 0.465
        equipments\item_zombie_hand      = -0.045
        equipments\light_night           = 1.000000
        equipments\mafon                 = 0.489
        equipments\monolit_suit          = -0.004
        equipments\novice_sui2           = 0.471
        equipments\novice_suit           = 0.520
        equipments\scientist_suit        = 0.006
        equipments\soldier_suit          = -0.041
        equipments\specnaz_soldier_suit  = 0.531
        equipments\specnaz_suit          = -0.024
        equipments\stalker_comander_suit = -0.007
        equipments\stalker_dolg_nauchniy_suit = 0.061
        equipments\stalker_free_nauchniy_suit = 0.006
        equipments\stalker_guard_suit    = -0.040
        equipments\stalker_kill_nauchniy_suit = 0.529
        equipments\stalker_killer_suit   = 0.534
        equipments\stalker_military_suit = -0.002
        equipments\stalker_mono_nauchniy_suit = 0.498
        equipments\stalker_scient_suit   = 0.024
        equipments\stalker_suit          = 0.482
        equipments\svoboda_heavy_suit    = 0.467
        equipments\svoboda_light_suit    = -0.020
        food\conserv1                    = 1.000000
        food\konserva_kukuruza           = -0.037
        grenadier\wpn_f_1                = -0.043
        grenadier\wpn_rgd_5              = 0.042
        monster_items\chimera_kogot      = 0.474
        monster_items\face_tushkano      = 0.507
        monster_items\hand_kontroler     = -0.045
        monster_items\psevdogigant_hand  = -0.033
        monster_items\tail_cat           = 0.550
        monsters\burer\burer             = -0.010
        monsters\cat\cat                 = -0.023
        monsters\chimera\chimera         = -0.022
        monsters\crow\crow               = 1.000000
        monsters\dog\dog                 = 0.475
        monsters\dog\dog_bulterier       = 1.000000
        monsters\dog\dog_bulterier_dead  = -0.021
        monsters\dog\dog_red             = 1.000000
        monsters\dog\dog_white           = 1.000000
        monsters\dog\dog_white_dead      = -0.019
        monsters\flesh\flesh             = 0.510
        monsters\flesh\flesh_n           = 0.507
        monsters\kontroler\kontroler_3   = -0.023
        monsters\kontroler\kontroler_4   = -0.013
        monsters\krovosos\krovosos       = 0.018
        monsters\krovosos\krovosos_strong = 0.019
        monsters\krovosos\krovosos_strong_xray = -0.033
        monsters\mutant_boar\mutant_boar = 0.536
        monsters\mutant_boar\mutant_boar_strong = -0.028
        monsters\phantom\dog_0           = 0.003
        monsters\phantom\tushkano_0      = -0.027
        monsters\poltergeist\poltergeist = -0.034
        monsters\pseudodog\pseudodog     = 0.544
        monsters\pseudodog\pseudodog_dead = -0.041
        monsters\pseudodog\pseudodog_grey = -0.062
        monsters\psevdogigant\psevdogigant_strong = 0.032
        monsters\rat\rat_1               = 0.453
        monsters\rat\rat_normal          = 0.462
        monsters\rat\rat_weak            = 0.538
        monsters\snork\snork             = -0.008
        monsters\snork\snork_strong      = -0.016
        monsters\tushkano\tushkano       = 0.535
        monsters\zombi\zombi_1           = 0.005
        monsters\zombi\zombi_3           = 0.049
        monsters\zombi\zombi_4           = -0.042
        monsters\zombi\zombi_5           = -0.043
        monsters\zombi\zombi_trup        = 0.028
        monsters\zombi\zombi_trup_2      = -0.055
        new_item\3_art_box_door          = 0.497
        new_item\8_art_box_door          = 0.472
        new_item\accum                   = 0.481
        new_item\accum_kamaz             = 0.037
        new_item\agregat                 = 0.525
        new_item\air_cisterna            = -0.027
        new_item\airplan                 = 0.076
        new_item\akkumuliator_2          = 0.494
        new_item\ammobox_wood            = 0.498
        new_item\ammobox_wood_prt1       = 0.037
        new_item\ammobox_wood_prt2       = -0.007
        new_item\art_box3                = 0.508
        new_item\art_box8                = -0.056
        new_item\art_box_red             = 1.000000
        new_item\axe                     = -0.016
        new_item\balloon_poison_gas      = 0.067
        new_item\banka_kraski_1          = 0.017
        new_item\banka_studnia           = 0.029
        new_item\barometr_bar            = 0.451
        new_item\belt_2_art              = 0.267
        new_item\belt_3_art              = 0.484
        new_item\belt_5_art              = -0.039
        new_item\belt_6_art              = 0.521
        new_item\big_box                 = -0.029
        new_item\bochonok_small          = -0.004
        new_item\bokal                   = -0.009
        new_item\box_conserv             = 0.017
        new_item\box_conserv_full        = 0.069
        new_item\box_toolkit_2           = 0.061
        new_item\box_toolkit_3           = 0.546
        new_item\box_transistors         = 0.491
        new_item\box_wood_mil            = 0.517
        new_item\buksir                  = 0.017
        new_item\cognac                  = 0.015
        new_item\cross_fang              = 0.062
        new_item\dekor_portal            = 0.026
        new_item\documents_2             = 0.545
        new_item\documents_3             = 0.494
        new_item\documents_4             = 0.498
        new_item\documents_5             = 0.513
        new_item\documents_6             = 0.494
        new_item\documents_8             = 0.508
        new_item\documents_9             = 0.537
        new_item\domik_back              = 0.543
        new_item\door_agro1              = 0.010
        new_item\door_fake               = 0.026
        new_item\drug_booster            = 0.489
        new_item\drug_radioprotector     = 0.497
        new_item\duracell                = 1.000000
        new_item\dverca_pechki           = 0.452
        new_item\dverca_pechki_2         = 0.499
        new_item\element_td              = 0.044
        new_item\fire_shit23             = 0.061
        new_item\flag_ua                 = 0.489
        new_item\fljaga                  = 0.540
        new_item\fluger                  = 0.532
        new_item\gas_burner              = 1.000000
        new_item\generator               = 0.506
        new_item\gps_m                   = 1.000000
        new_item\hammer                  = 0.012
        new_item\holodcevarka            = -0.002
        new_item\item_kolbasa_hunt       = 0.465
        new_item\item_podsumok           = 1.000000
        new_item\item_remk_outf          = 0.511
        new_item\item_remk_wpn           = 0.546
        new_item\item_rykzack            = 0.547
        new_item\item_spichki            = 1.000000
        new_item\izlichatel              = -0.012
        new_item\kerosinka               = 1.000000
        new_item\koncepva_2              = 1.000000
        new_item\koster_palki            = 0.473
        new_item\kotelok_kipit           = 0.054
        new_item\kpovat_s_matras         = 0.016
        new_item\kran_balka              = -0.058
        new_item\krash_barrikada         = -0.031
        new_item\krysagenerator          = -0.034
        new_item\kustarnik_1             = 0.037
        new_item\lab_stol                = 0.483
        new_item\lampa_signalka          = 0.013
        new_item\laz_rostok              = 0.497
        new_item\leather_small           = 0.542
        new_item\liana_agr1              = -0.004
        new_item\luk_pogreb              = 0.529
        new_item\master_stol             = 0.486
        new_item\matras                  = -0.054
        new_item\matras_scruch           = 0.010
        new_item\memory_module           = 0.042
        new_item\meteo_kirpich           = -0.028
        new_item\michaluch_room          = 0.041
        new_item\mid_box                 = 0.030
        new_item\min_box                 = 0.501
        new_item\mogila                  = 0.489
        new_item\molot                   = 0.001
        new_item\most_zaz                = 0.527
        new_item\musor_td                = 0.030
        new_item\nardu                   = 0.518
        new_item\newton_balls            = 0.028
        new_item\nlc_ammobox             = 0.516
        new_item\notes_letter_1          = 0.504
        new_item\notes_letter_2          = 0.009
        new_item\notes_letter_3          = 0.537
        new_item\notes_paper_2           = 0.495
        new_item\notes_writing_book_2    = 0.520
        new_item\oblomok_beton_01        = -0.036
        new_item\oblomok_beton_02        = 0.011
        new_item\oblomok_beton_03        = -0.019
        new_item\pepelac                 = -0.023
        new_item\perehod_truba_beton     = -0.041
        new_item\perehod_zabor_provoloka = -0.046
        new_item\perehod_zabor_wood      = 0.045
        new_item\plakat_1                = 0.471
        new_item\plakat_5                = 0.482
        new_item\plakat_6                = 0.513
        new_item\plakat_7                = -0.041
        new_item\plakat_8                = 0.477
        new_item\pokrushka               = 0.547
        new_item\posylka                 = 0.540
        new_item\primus                  = 0.530
        new_item\proj                    = 1.000000
        new_item\provod_portal           = 0.022
        new_item\prt\box_wood_123_1      = -0.033
        new_item\prt\box_wood_123_2      = 0.018
        new_item\pult_portal             = 0.003
        new_item\radar                   = 0.019
        new_item\rastopka                = 0.528
        new_item\rembox                  = -0.027
        new_item\rembox_static           = 0.525
        new_item\reshotka_td_truba       = 0.016
        new_item\ring_portal             = -0.011
        new_item\rub_1                   = 0.030
        new_item\rub_10                  = -0.024
        new_item\rub_3                   = 0.485
        new_item\rub_5                   = -0.049
        new_item\rub_50                  = 0.048
        new_item\safe_container          = 1.000000
        new_item\scanner_anomaly         = 0.030
        new_item\scanner_artefact        = 0.005
        new_item\seif_01                 = 0.031
        new_item\setka_rostok            = 0.464
        new_item\seyner                  = 0.043
        new_item\shtorka_big             = 0.490
        new_item\skan_station            = 0.046
        new_item\sleeping_bag            = 0.526
        new_item\snork_of_rope           = 0.051
        new_item\speakerphone            = 0.487
        new_item\spiral_kom              = 0.489
        new_item\stanok_tokarn           = 0.483
        new_item\steklo                  = 0.011
        new_item\stena_yantar            = 0.067
        new_item\stol_2                  = 0.496
        new_item\stol_meat               = 0.056
        new_item\strelok_tv              = 0.494
        new_item\suxpayok                = 0.470
        new_item\table_reklama           = 0.486
        new_item\taburet_village         = 0.459
        new_item\tachka_s_ballonami      = 0.478
        new_item\taynik_pojarka          = -0.064
        new_item\td_truba_door           = -0.012
        new_item\thrash_bochka           = 0.465
        new_item\thrash_bochka_2         = 0.533
        new_item\umuvalnik               = 0.453
        new_item\urn                     = 0.019
        new_item\vagonetka2              = -0.009
        new_item\vagonetka_01            = -0.063
        new_item\ventil_1                = -0.021
        new_item\vitrina_armor           = 0.507
        new_item\x_ray_antenna           = 0.061
        new_item\yacheika                = 0.514
        new_item\yacheika_pass           = 0.534
        new_item\zamok_cod               = -0.016
        new_item\zanaveska               = 0.512
        new_item\zil_mmz                 = 0.015
        objects\army_base\prop_army_base_01 = 0.025
        objects\dynamics\balon\bochka_close_3 = -0.019
        objects\dynamics\box\box_1b      = 0.017
        objects\dynamics\box\box_wood_01 = -0.035
        objects\fireplace\fireplace_1    = 0.540
        objects\fireplace\fireplace_2    = 1.000000
        objects\fireplace\fireplace_3    = 0.487
        objects\fireplace\fireplace_4    = 0.068
        objects\musor\veh_zil_130        = 1.000000
        objects\stuff\train_vagon_zerno  = 0.545
        objects\stuff\veh\mi24           = 0.488
        objects\trees\bush_1_02          = 0.049
        objects\trees\kust_1             = 1.000000
        objects\trees\kust_2             = 1.000000
        objects\trees\stone_1            = 0.491
        objects\trees\tree_12            = 1.000000
        objects\trees\tree_13            = 0.483
        objects\trees\tree_14            = 1.000000
        objects\trees\tree_15            = 1.000000
        objects\trees\trees_elka_1_01    = 0.473
        objects\trees\trees_elka_2_02    = -0.029
        physics\anomaly\anomaly_studen_bottom_01 = -0.016
        physics\anomaly\anomaly_studen_bottom_03 = 0.003
        physics\anomaly\anomaly_studen_up_01 = 0.060
        physics\anomaly\anomaly_studen_up_02 = 0.005
        physics\anomaly\artefact_ameba1  = 0.452
        physics\anomaly\artefact_ameba2  = 0.516
        physics\anomaly\artefact_ameba3  = 0.487
        physics\anomaly\artefact_battery = -0.010
        physics\anomaly\artefact_blackdrip = 0.245
        physics\anomaly\artefact_blackdrip_1 = 0.479
        physics\anomaly\artefact_blackdrip_2 = 0.521
        physics\anomaly\artefact_cristall = 0.055
        physics\anomaly\artefact_electra1 = 0.506
        physics\anomaly\artefact_electra3 = 0.512
        physics\anomaly\artefact_electra4 = 0.508
        physics\anomaly\artefact_fire    = 0.259
        physics\anomaly\artefact_gravy1  = 0.457
        physics\anomaly\artefact_gravy1_green = 0.535
        physics\anomaly\artefact_gravy2  = 0.464
        physics\anomaly\artefact_gravy3  = 0.524
        physics\anomaly\artefact_kaply   = 0.535
        physics\anomaly\artefact_myasorubka1 = 0.488
        physics\anomaly\artefact_myasorubka2 = 0.300
        physics\anomaly\artefact_myasorubka3 = 0.452
        physics\anomaly\artefact_myasorubka5 = 0.470
        physics\anomaly\artefact_needles1 = 0.535
        physics\anomaly\artefact_needles2 = 0.521
        physics\anomaly\artefact_pustishka1 = 0.457
        physics\anomaly\artefact_rusty_hairs = 0.256
        physics\anomaly\artefact_spiral  = 0.114
        physics\anomaly\capsule          = 0.490
        physics\anomaly\sap\barhat       = 0.504
        physics\anomaly\sap\gorgona      = 0.005
        physics\anomaly\sap\krest        = 0.472
        physics\anomaly\sap\maiak        = 0.520
        physics\anomaly\sap\mercury_ball = 0.519
        physics\anomaly\sap\ojerelie     = 0.474
        physics\anomaly\sap\persten      = 0.539
        physics\anomaly\topolinypuh      = 0.068
        physics\balon\balon_01           = 0.031
        physics\balon\balon_02           = 0.547
        physics\balon\bochka_close_1     = 0.452
        physics\balon\bochka_close_2     = -0.050
        physics\balon\bochka_close_3     = 0.546
        physics\balon\bochka_close_4     = 0.098
        physics\balon\bochka_fuel        = 0.044
        physics\balon\bochka_open_1      = 0.038
        physics\balon\bochka_open_2      = 0.025
        physics\balon\bochka_open_4      = 0.036
        physics\balon\bomb_01            = 0.476
        physics\balon\box_lab_03         = -0.025
        physics\balon\kanistra           = 0.530
        physics\bochonok_big             = 0.064
        physics\box\bochka               = 0.040
        physics\box\box_1a               = 0.000
        physics\box\box_1b               = -0.022
        physics\box\box_1c               = 0.473
        physics\box\box_gorb             = 0.047
        physics\box\box_karton           = -0.012
        physics\box\box_lab_01           = -0.004
        physics\box\box_lab_02           = 0.041
        physics\box\box_lab_022          = 0.520
        physics\box\box_metall_01        = 0.452
        physics\box\box_wood_01          = 0.476
        physics\box\box_wood_tara        = 0.014
        physics\box\expl_dinamit         = 1.000000
        physics\box\konteyner_01         = 1.000000
        physics\box\konteyner_02         = 0.056
        physics\box\medbox               = 0.505
        physics\box\old_box              = 0.015
        physics\box\prt\water_tower_prt1 = 0.535
        physics\box\prt\water_tower_prt2 = 0.500
        physics\box\prt\water_tower_prt3 = 0.470
        physics\box\prt\water_tower_prt4 = 0.518
        physics\box\prt\water_tower_prt5 = 0.488
        physics\box\prt\water_tower_prt6 = 0.517
        physics\box\prt\water_tower_prt7 = 0.521
        physics\box\prt\water_tower_prt8 = 0.549
        physics\box\prt\water_tower_prt9 = 0.453
        physics\box\seif_01              = 0.034
        physics\dead_body\skelet_combine_pose_00 = 0.457
        physics\dead_body\skelet_combine_pose_01 = 0.460
        physics\dead_body\skelet_combine_pose_02 = 0.193
        physics\dead_body\skelet_combine_pose_03 = 0.453
        physics\dead_body\skelet_combine_pose_04 = 0.453
        physics\dead_body\skelet_combine_pose_05 = 0.489
        physics\dead_body\skelet_combine_pose_06 = 1.000000
        physics\dead_body\skelet_crash   = 0.037
        physics\dead_body\skelet_crash_monster = -0.059
        physics\dead_body\skelet_foot1   = 0.054
        physics\dead_body\skelet_head    = 0.001
        physics\dead_body\skelet_hend1   = -0.004
        physics\dead_body\skelet_hend2   = -0.015
        physics\dead_body\skelet_torso   = 0.025
        physics\dead_body\trofey_boar    = 0.003
        physics\dead_body\trofey_chimera = -0.017
        physics\dead_body\trofey_pseudodog = 0.054
        physics\dead_body\trupik         = 0.009
        physics\dead_body\trupik_rope    = 1.000000
        physics\dead_body\vertel_boar_nobranch = 0.013
        physics\decor\bag_01             = 1.000000
        physics\decor\banka_kraski_1     = 0.040
        physics\decor\bottle_bar_1       = 0.038
        physics\decor\bottle_bar_stakan  = 1.000000
        physics\decor\butil_3            = 0.051
        physics\decor\butilka_2          = -0.053
        physics\decor\butilka_vodka_01   = 0.452
        physics\decor\fire_vedro         = 0.509
        physics\decor\freezer            = 0.076
        physics\decor\kartina03          = 0.031
        physics\decor\kartina_01         = -0.014
        physics\decor\kitchen_bludo      = 0.011
        physics\decor\kitchen_kastrula   = -0.028
        physics\decor\kitchen_kastrula_up = 0.040
        physics\decor\kitchen_krujka     = 0.471
        physics\decor\kitchen_lojka      = 0.534
        physics\decor\kitchen_miska      = 0.005
        physics\decor\kitchen_tarelka1   = -0.057
        physics\decor\krisagenerator     = -0.046
        physics\decor\med_stoyka_01      = 0.037
        physics\decor\ognetushitel       = 0.475
        physics\decor\plakat_map_gold_01 = 0.059
        physics\decor\priemnik_gorizont  = 0.452
        physics\decor\prt\bottle_bar_1_prt0 = 0.482
        physics\decor\prt\bottle_bar_1_prt1 = 0.488
        physics\decor\prt\bottle_bar_1_prt2 = -0.016
        physics\decor\prt\bottle_bar_1_prt3 = 0.014
        physics\decor\prt\bottle_bar_1_prt4 = 0.009
        physics\decor\prt\bottle_bar_1_prt5 = -0.009
        physics\decor\prt\bottle_bar_1_prt6 = -0.024
        physics\decor\prt\bottle_bar_1_prt7 = 0.026
        physics\decor\rupor              = 0.519
        physics\decor\sign_mine          = 0.501
        physics\decor\sign_stop          = -0.002
        physics\decor\teapot_1           = 0.457
        physics\decor\tiski              = 1.000000
        physics\decor\tomb_00            = 0.054
        physics\decor\tomb_02            = 0.042
        physics\decor\tomb_03            = 0.022
        physics\decor\tomb_04            = 0.055
        physics\decor\tv_1               = 0.524
        physics\decor\tv_1_br            = 0.482
        physics\decor\vedro_01           = 0.528
        physics\decor\ventilator_01      = 0.451
        physics\decor\ventilator_mike    = 0.027
        physics\decor\ventilyator_lab    = -0.033
        physics\door\bookcase_village_50x90_ph_door_l = -0.036
        physics\door\bookcase_village_50x90_ph_door_r = 0.052
        physics\door\cabinet_village_140x210_ph_door_l = 1.000000
        physics\door\cabinet_village_140x210_ph_door_r = 1.000000
        physics\door\codedoor_key        = 0.459
        physics\door\codedoor_left       = -0.029
        physics\door\codedoor_right      = -0.020
        physics\door\door_bar_rostok_01  = 0.016
        physics\door\door_bunker         = -0.017
        physics\door\door_darkvaley_nedostroika_01 = 0.028
        physics\door\door_darkvalley_vorota_01 = 0.013
        physics\door\door_garbage_01     = 0.073
        physics\door\door_glory          = 0.031
        physics\door\door_military_01    = 0.041
        physics\door\door_povar          = 0.003
        physics\door\door_prison_01      = 1.000000
        physics\door\door_prison_pult_01 = 0.053
        physics\door\door_trader         = 0.007
        physics\door\door_traders_box    = 1.000000
        physics\door\stol_6_ph_door      = 1.000000
        physics\door\stol_8_ph_door      = -0.013
        physics\door\stol_9a_ph_door     = 0.087
        physics\door\tumba_village_100x90_ph_01_door = 0.018
        physics\door\tumba_village_100x90_ph_door_l = 0.498
        physics\door\tumba_village_100x90_ph_door_r = 0.451
        physics\door\tumba_village_50x120_ph_door = 0.010
        physics\equipment_cache\box_camp_anim = 0.531
        physics\equipment_cache\box_camp_metal = 0.532
        physics\equipment_cache\box_camp_metal2 = 1.000000
        physics\equipment_cache\box_camp_wood = -0.020
        physics\equipment_cache\box_camp_wood2 = 0.009
        physics\equipment_cache\box_camp_wood_2 = 0.532
        physics\equipment_cache\equipment_box_01_case = -0.011
        physics\equipment_cache\equipment_box_01_case_no = 1.000000
        physics\equipment_cache\equipment_box_02_case = 1.000000
        physics\equipment_cache\equipment_box_02_case_no = 0.512
        physics\equipment_cache\equipment_cross_1_case = 0.487
        physics\equipment_cache\equipment_cross_2_case = 1.000000
        physics\equipment_cache\equipment_cross_3_case = 1.000000
        physics\equipment_cache\equipment_electric_box_01_case = 0.519
        physics\equipment_cache\equipment_electric_box_02_case = 0.011
        physics\equipment_cache\equipment_hatch_01_case = 0.090
        physics\equipment_cache\equipment_instrument_case_01_case = 1.000000
        physics\equipment_cache\equipment_pipe_01_case = -0.031
        physics\equipment_cache\equipment_pipe_02_case = 1.000000
        physics\equipment_cache\equipment_pipe_valve_01_case = 0.050
        physics\equipment_cache\equipment_rucksack_01_case = 1.000000
        physics\equipment_cache\equipment_rucksack_02_case = 1.000000
        physics\equipment_cache\equipment_seif_01_case = 0.512
        physics\equipment_cache\equipment_seif_02_case = 0.550
        physics\equipment_cache\equipment_trees_log_01_case = 0.017
        physics\equipment_cache\equipment_trees_stump_01_case = 0.046
        physics\equipment_cache\equipment_zaz968_case = 0.040
        physics\keyboard\lab_primary_switcher = 0.453
        physics\krovati\divan_01         = 0.536
        physics\krovati\krovat_01        = 0.014
        physics\large_trash\garbage_1    = 0.080
        physics\large_trash\garbage_11   = 0.033
        physics\large_trash\garbage_9    = 0.032
        physics\large_trash\poddon       = 0.507
        physics\large_trash\poddon_02    = 0.087
        physics\large_trash\prolom_grb   = -0.038
        physics\large_trash\shifer_03    = 0.026
        physics\large_trash\truba_bar_rostok = 0.465
        physics\letra                    = 0.041
        physics\light\lampa01_v          = 0.543
        physics\light\lampa_01_on        = 0.507
        physics\light\lampa_abajur_04    = -0.023
        physics\light\lampa_walls_01     = 1.000000
        physics\light\new_light\light_alarm_1 = -0.011
        physics\light\new_light\light_alarm_glass = 1.000000
        physics\light\new_light\light_alarm_white_glass = 1.000000
        physics\light\new_light\light_big_1_glass = 1.000000
        physics\light\new_light\light_galogen_1_glass = 1.000000
        physics\light\new_light\light_galogen_1_glass_no = 1.000000
        physics\light\new_light\light_white_glass = 0.530
        physics\light\new_light\light_wire_1_glass = 1.000000
        physics\prop_3bloks              = 0.453
        physics\rope\krane_01            = 0.015
        physics\rope\projector_02        = 0.054
        physics\rope\rope_01             = 0.507
        physics\shkaf\stelag_01          = 0.505
        physics\small_trash\doski_br_02  = 0.517
        physics\small_trash\doski_br_03  = 0.025
        physics\small_trash\wood_board_br_01 = 0.086
        physics\small_trash\wood_board_br_01a = -0.003
        physics\small_trash\wood_board_br_01b = 0.020
        physics\stol\stol_4              = 0.092
        physics\stol\stol_6              = 0.485
        physics\stol\stol_8a             = 0.465
        physics\stol\stol_obedenniy      = -0.018
        physics\stul\lavochka_01         = -0.012
        physics\stul\stul_1a             = 0.055
        physics\stul\stul_wood_01        = 0.520
        physics\stul\taburet_wood_01     = 1.000000
        physics\technica\komp_block      = 0.089
        physics\technica\komp_klava      = 0.016
        physics\technica\komp_monitor    = 0.057
        physics\technica\pribor_1c       = 0.107
        physics\technica\pribor_1d       = 0.093
        physics\trash_buldozer           = 0.031
        physics\trash_lada_lod           = -0.038
        physics\trees_3_04               = 0.467
        physics\vehicles\btr\veh_btr_u_01 = 0.533
        physics\vehicles\btr\veh_btr_u_02 = 0.542
        physics\vehicles\btr\veh_btr_u_03 = 0.495
        physics\vehicles\kamaz\ekskavator = 0.462
        physics\vehicles\kamaz\pricep    = 0.536
        physics\vehicles\kamaz\trash_kamaz_korpus3 = 0.472
        physics\vehicles\kamaz\veh_kamaz_u_02 = 1.000000
        physics\vehicles\kamaz\veh_kamaz_u_03 = 0.480
        physics\vehicles\kamaz\veh_kamaz_u_04 = 0.464
        physics\vehicles\mi24\veh_mi24_u_01 = 0.528
        physics\vehicles\tr13\veh_tr13_u_02 = 0.532
        physics\villanykaro_final        = -0.081
        sak1                             = 0.479
        weapons\abakan\wpn_abakan        = 0.239
        weapons\abakan\wpn_abakan_1p78   = -0.005
        weapons\abakan\wpn_abakan_1p78_hud = -0.019
        weapons\abakan\wpn_abakan_hud    = 0.096
        weapons\addons\1p78_scope        = 0.481
        weapons\addons\acog_scope        = 0.495
        weapons\addons\ecp_1c_03_scope   = 0.451
        weapons\addons\eotech_552_scope  = 0.467
        weapons\addons\gp25_gl           = 0.212
        weapons\addons\m203_gl           = 0.536
        weapons\addons\pso1_scope        = 0.536
        weapons\addons\sil_545_ar        = 0.542
        weapons\addons\sil_556_ar        = 0.524
        weapons\addons\sil_762_ar        = 0.465
        weapons\addons\sil_762_sr1       = 0.460
        weapons\addons\sil_9_p           = 0.541
        weapons\ak-74u\ak74u             = 1.000000
        weapons\ak-74u\ak74u_old         = 0.486
        weapons\ak-74u\wpn_ak74u_hud     = 0.115
        weapons\ak-74u\wpn_ak74u_old_hud = 0.547
        weapons\ak100\wpn_ak103          = 0.536
        weapons\ak100\wpn_ak103_1p78     = 0.519
        weapons\ak100\wpn_ak103_1p78_hud = 0.508
        weapons\ak100\wpn_ak103_cobra    = 0.047
        weapons\ak100\wpn_ak103_cobra_hud = -0.040
        weapons\ak100\wpn_ak103_hud      = 0.518
        weapons\ak47\wpn_ak47            = 0.472
        weapons\ak47\wpn_ak47_hud        = 0.135
        weapons\ak47\wpn_ak47_old        = -0.028
        weapons\ak47\wpn_ak47_old_hud    = 0.018
        weapons\ak47\wpn_akm             = 0.462
        weapons\ak47\wpn_akm_hud         = 0.127
        weapons\ak47\wpn_aks47           = 0.531
        weapons\ak47\wpn_aks47_hud       = 0.484
        weapons\ak74\wpn_ak74            = 1.000000
        weapons\ak74\wpn_ak74_hud        = 0.525
        weapons\ak74\wpn_ak74_old        = 0.035
        weapons\ak74\wpn_ak74_old_hud    = -0.048
        weapons\ak74\wpn_ak74pbn         = 1.000000
        weapons\ak74\wpn_ak74pbn_hud     = 0.122
        weapons\ammo\ammo_1143x23_fmj    = 1.000000
        weapons\ammo\ammo_1143x23_hydro  = 1.000000
        weapons\ammo\ammo_12x70_buck     = 1.000000
        weapons\ammo\ammo_12x70_kart     = 1.000000
        weapons\ammo\ammo_12x76_zhekan   = 1.000000
        weapons\ammo\ammo_545x39_ap      = 1.000000
        weapons\ammo\ammo_545x39_fmj     = 1.000000
        weapons\ammo\ammo_556x45_ap      = 0.515
        weapons\ammo\ammo_556x45_ss190   = 0.233
        weapons\ammo\ammo_762x39_ap      = 0.500
        weapons\ammo\ammo_762x39_fmj     = 0.504
        weapons\ammo\ammo_762x51_ap      = 0.259
        weapons\ammo\ammo_762x51_fmj     = 0.207
        weapons\ammo\ammo_762x54_7h1     = 0.248
        weapons\ammo\ammo_762x54_7h14    = 1.000000
        weapons\ammo\ammo_762x54_ap      = 0.238
        weapons\ammo\ammo_86x70_ap       = 0.218
        weapons\ammo\ammo_86x70_fmj      = 0.236
        weapons\ammo\ammo_9x18_fmj       = 1.000000
        weapons\ammo\ammo_9x18_pmm       = 1.000000
        weapons\ammo\ammo_9x19_fmj       = 1.000000
        weapons\ammo\ammo_9x19_pbp       = 1.000000
        weapons\ammo\ammo_9x39_ap        = 1.000000
        weapons\ammo\ammo_9x39_pab9      = 1.000000
        weapons\ammo\ammo_9x39_sp5       = 1.000000
        weapons\ammo\ammo_m209           = 0.501
        weapons\ammo\ammo_og-7b          = 0.276
        weapons\ammo\ammo_vog-25         = 1.000000
        weapons\ammo\ammo_vog-25p        = 0.510
        weapons\aps\wpn_aps              = 0.518
        weapons\aps\wpn_aps_hud          = 0.528
        weapons\artefact\wpn_artefact_hud = 1.000000
        weapons\beretta92fs\wpn_beretta92fs = 0.545
        weapons\beretta92fs\wpn_beretta92fs_hud = 0.139
        weapons\binoculars\wpn_binoculars = 1.000000
        weapons\binoculars\wpn_binoculars_hud = 0.482
        weapons\bolt\wpn_bolt            = 0.505
        weapons\bolt\wpn_bolt_hud        = 0.233
        weapons\bred\bred                = 0.523
        weapons\colt1911\wpn_colt1911    = 0.544
        weapons\colt1911\wpn_colt1911_hud = 0.519
        weapons\desert_eagle\wpn_desert_eagle = 0.489
        weapons\desert_eagle\wpn_python  = 0.516
        weapons\desert_eagle\wpn_python_hud = 0.498
        weapons\famas_f1\wpn_famas_f1    = 0.489
        weapons\famas_f1\wpn_famas_f1_hud = 0.484
        weapons\fort\wpn_fort            = 1.000000
        weapons\fort\wpn_fort17          = 0.538
        weapons\fort\wpn_fort17_hud      = 0.111
        weapons\fort\wpn_fort_hud        = 1.000000
        weapons\g36\wpn_g36              = 0.497
        weapons\g36\wpn_g36_hud          = 0.482
        weapons\g36\wpn_g36c             = 0.025
        weapons\g36\wpn_g36c_hud         = 0.055
        weapons\gm94\wpn_gm94_hud        = 0.075
        weapons\gm94\wpn_gm94_w          = 0.091
        weapons\gm94\wpn_gm94_world      = 0.046
        weapons\grenade\wpn_f_1          = 0.468
        weapons\grenade\wpn_f_1_hud      = 0.482
        weapons\grenade\wpn_gr_light     = 0.454
        weapons\grenade\wpn_gr_light_hud = 0.505
        weapons\grenade\wpn_rgd_5        = 0.474
        weapons\grenade\wpn_rgd_5_hud    = 0.477
        weapons\groza\wpn_groza          = 1.000000
        weapons\groza\wpn_groza_hud      = 0.532
        weapons\knife\wpn_knife          = 1.000000
        weapons\knife\wpn_knife_hud      = 0.458
        weapons\kolbasa\kolbasa          = 0.480
        weapons\m16a4\wpn_m16a4          = 0.527
        weapons\m16a4\wpn_m16a4_acog     = 0.028
        weapons\m16a4\wpn_m16a4_acog_hud = 0.018
        weapons\m16a4\wpn_m16a4_hud      = 0.461
        weapons\mp5\wpn_mp5              = 0.459
        weapons\mp5\wpn_mp5_hud          = 0.263
        weapons\mp5\wpn_mp5_m1           = 0.517
        weapons\mp5\wpn_mp5_m1_hud       = 0.235
        weapons\mp5\wpn_mp5_old          = 0.000
        weapons\mp5\wpn_mp5_old_hud      = 0.010
        weapons\pb\wpn_pb                = 0.464
        weapons\pb\wpn_pb_hud            = 0.470
        weapons\pkm\ammo_762x54r_box     = 0.461
        weapons\pkm\pkm                  = 0.049
        weapons\pkm\wpn_pkm              = 0.492
        weapons\pkm\wpn_pkm_hud          = 0.462
        weapons\pm\wpn_pm                = 1.000000
        weapons\pm\wpn_pm_hud            = 0.474
        weapons\pp19\wpn_pp19            = 0.473
        weapons\pp19\wpn_pp19_hud        = 0.515
        weapons\rpg_7\wpn_rpg_7          = 0.528
        weapons\rpg_7\wpn_rpg_7_grenade  = 0.470
        weapons\rpg_7\wpn_rpg_7_hud      = 0.451
        weapons\rpk74\wpn_rpk74          = 0.476
        weapons\rpk74\wpn_rpk74_hud      = 0.480
        weapons\sig550\wpn_sig550        = 0.291
        weapons\sig550\wpn_sig550_hud    = 0.010
        weapons\spas12\wpn_spas12        = 0.524
        weapons\spas12\wpn_spas12_hud    = 0.501
        weapons\toz34\wpn_toz34_ext      = 0.500
        weapons\toz66\wpn_toz66_long     = 0.550
        weapons\toz66\wpn_toz66_long_hud = 0.064
        weapons\toz66\wpn_toz66_short    = 0.510
        weapons\toz66\wpn_toz66_short_hud = 0.294
        weapons\ump45\wpn_ump45          = 0.481
        weapons\ump45\wpn_ump45_hud      = 0.451
        weapons\usp_45\wpn_usp_45        = 0.464
        weapons\usp_45\wpn_usp_45_hud    = 0.008
        weapons\vodka\vodka              = 1.000000
        weapons\walter_99\wpn_walter_99  = 1.000000
        weapons\walter_99\wpn_walter_99_hud = 0.255
        weaponsv\9x39\val\wpn_val        = 1.000000
        weaponsv\9x39\val\wpn_val_hud    = 0.478
        weaponsv\9x39\vss\wpn_vss        = 0.256
        weaponsv\9x39\vss\wpn_vss_hud    = 0.257
        weaponsv\9x39\vss_c\wpn_vss_c    = 0.535
        weaponsv\9x39\vss_c\wpn_vss_c_1p78 = 0.035
        weaponsv\9x39\vss_c\wpn_vss_c_1p78_hud = -0.023
        weaponsv\9x39\vss_c\wpn_vss_c_hud = 0.455
        weaponsv\addons\wpn_addon_pe     = 0.303
        weaponsv\addons\wpn_addon_silenser_mosin = 0.499
        weaponsv\ak74m\wpn_ak74m         = 0.481
        weaponsv\ak74m\wpn_ak74m_hud     = 0.099
        weaponsv\ak_strel\wpn_ak_strelok = 0.472
        weaponsv\ak_strel\wpn_ak_strelok_eotech = -0.024
        weaponsv\ak_strel\wpn_ak_strelok_eotech_hud = -0.025
        weaponsv\ak_strel\wpn_ak_strelok_hud = 0.492
        weaponsv\glock\wpn_glock17       = 0.491
        weaponsv\glock\wpn_glock17_hud   = 0.469
        weaponsv\kabar\wpn_kabar         = 0.018
        weaponsv\kabar\wpn_kabar_hud     = 0.022
        weaponsv\mosin\wpn_mosin         = 0.484
        weaponsv\mosin\wpn_mosin_hud     = 0.485
        weaponsv\mp133\wpn_mp133         = 0.548
        weaponsv\mp133\wpn_mp133_hud     = 0.100
        weaponsv\mp133\wpn_mp133_m1      = 0.474
        weaponsv\mp133\wpn_mp133_m1_hud  = 0.471
        weaponsv\mp153\wpn_mp153_m1      = 0.453
        weaponsv\mp153\wpn_mp153_m1_hud  = 0.542
        weaponsv\p220\wpn_p220           = 0.457
        weaponsv\p220\wpn_p220_hud       = 0.453
        weaponsv\rem870\wpn_rem870_so    = 0.043
        weaponsv\soc94\wpn_soc94         = 0.456
        weaponsv\soc94\wpn_soc94_1p78    = 0.039
        weaponsv\soc94\wpn_soc94_1p78_hud = 0.047
        weaponsv\soc94\wpn_soc94_cobra   = 0.470
        weaponsv\soc94\wpn_soc94_cobra_hud = 0.458
        weaponsv\soc94\wpn_soc94_hud     = 0.533
        weaponsv\sv98\sv98               = -0.061
        weaponsv\sv98\sv98_hud           = 0.032
        weaponsv\svu\wpn_svu             = 0.519
        weaponsv\svu\wpn_svu_1pso        = -0.052
        weaponsv\svu\wpn_svu_1pso_hud    = 0.056
        weaponsv\svu\wpn_svu_hud         = 0.512
        weaponsv\toz34\wpn_toz34         = 0.539
        weaponsv\toz34\wpn_toz34_hud     = 0.118
        weaponsv\toz34\wpn_toz34_m1      = 0.508
        weaponsv\toz34\wpn_toz34_m1_hud  = 0.547
 
